data loaded
Processed 5_CA: Excluded 0 artifact components. Saved to vandana/ica_data/5/5_CA_ica_raw.fif
data loaded
Processed 5_DA: Excluded 0 artifact components. Saved to vandana/ica_data/5/5_DA_ica_raw.fif
data loaded
Processed 5_SS: Excluded 0 artifact components. Saved to vandana/ica_data/5/5_SS_ica_raw.fif
data loaded
Processed 5_LOFT: Excluded 0 artifact components. Saved to vandana/ica_data/5/5_LOFT_ica_raw.fif
data loaded
Processed 6_CA: Excluded 0 artifact components. Saved to vandana/ica_data/6/6_CA_ica_raw.fif
data loaded
Processed 6_DA: Excluded 0 artifact components. Saved to vandana/ica_data/6/6_DA_ica_raw.fif
data loaded
Processed 6_SS: Excluded 0 artifact components. Saved to vandana/ica_data/6/6_SS_ica_raw.fif
data loaded
Processed 6_LOFT: Excluded 0 artifact components. Saved to vandana/ica_data/6/6_LOFT_ica_raw.fif
data loaded
Processed 9_CA: Excluded 0 artifact components. Saved to vandana/ica_data/9/9_CA_ica_raw.fif
data loaded
Processed 9_DA: Excluded 0 artifact components. Saved to vandana/ica_data/9/9_DA_ica_raw.fif
data loaded
Processed 9_SS: Excluded 0 artifact components. Saved to vandana/ica_data/9/9_SS_ica_raw.fif
data loaded
Processed 9_LOFT: Excluded 0 artifact components. Saved to vandana/ica_data/9/9_LOFT_ica_raw.fif
data loaded
Processed 10_CA: Excluded 0 artifact components. Saved to vandana/ica_data/10/10_CA_ica_raw.fif
data loaded
Processed 10_DA: Excluded 0 artifact components. Saved to vandana/ica_data/10/10_DA_ica_raw.fif
data loaded
Processed 10_SS: Excluded 0 artifact components. Saved to vandana/ica_data/10/10_SS_ica_raw.fif
data loaded
Processed 10_LOFT: Excluded 0 artifact components. Saved to vandana/ica_data/10/10_LOFT_ica_raw.fif
data loaded
Processed 11_CA: Excluded 0 artifact components. Saved to vandana/ica_data/11/11_CA_ica_raw.fif
data loaded
Processed 11_DA: Excluded 0 artifact components. Saved to vandana/ica_data/11/11_DA_ica_raw.fif
data loaded
Processed 11_SS: Excluded 0 artifact components. Saved to vandana/ica_data/11/11_SS_ica_raw.fif
data loaded
Processed 11_LOFT: Excluded 0 artifact components. Saved to vandana/ica_data/11/11_LOFT_ica_raw.fif
data loaded
Processed 12_CA: Excluded 0 artifact components. Saved to vandana/ica_data/12/12_CA_ica_raw.fif
data loaded
Processed 12_DA: Excluded 0 artifact components. Saved to vandana/ica_data/12/12_DA_ica_raw.fif
data loaded
Processed 12_SS: Excluded 0 artifact components. Saved to vandana/ica_data/12/12_SS_ica_raw.fif
data loaded
Processed 12_LOFT: Excluded 0 artifact components. Saved to vandana/ica_data/12/12_LOFT_ica_raw.fif
data loaded
Processed 13_CA: Excluded 0 artifact components. Saved to vandana/ica_data/13/13_CA_ica_raw.fif
data loaded
Processed 13_DA: Excluded 0 artifact components. Saved to vandana/ica_data/13/13_DA_ica_raw.fif
data loaded
Processed 13_SS: Excluded 0 artifact components. Saved to vandana/ica_data/13/13_SS_ica_raw.fif
data loaded
Processed 13_LOFT: Excluded 0 artifact components. Saved to vandana/ica_data/13/13_LOFT_ica_raw.fif
data loaded
Processed 14_CA: Excluded 0 artifact components. Saved to vandana/ica_data/14/14_CA_ica_raw.fif
data loaded
Processed 14_DA: Excluded 0 artifact components. Saved to vandana/ica_data/14/14_DA_ica_raw.fif
data loaded
Processed 14_SS: Excluded 0 artifact components. Saved to vandana/ica_data/14/14_SS_ica_raw.fif
data loaded
Processed 14_LOFT: Excluded 0 artifact components. Saved to vandana/ica_data/14/14_LOFT_ica_raw.fif
data loaded
Processed 17_CA: Excluded 0 artifact components. Saved to vandana/ica_data/17/17_CA_ica_raw.fif
data loaded
Processed 17_DA: Excluded 0 artifact components. Saved to vandana/ica_data/17/17_DA_ica_raw.fif
data loaded
Processed 17_SS: Excluded 0 artifact components. Saved to vandana/ica_data/17/17_SS_ica_raw.fif
data loaded
Processed 17_LOFT: Excluded 0 artifact components. Saved to vandana/ica_data/17/17_LOFT_ica_raw.fif
data loaded
Processed 18_CA: Excluded 0 artifact components. Saved to vandana/ica_data/18/18_CA_ica_raw.fif
data loaded
Processed 18_DA: Excluded 0 artifact components. Saved to vandana/ica_data/18/18_DA_ica_raw.fif
data loaded
Processed 18_SS: Excluded 0 artifact components. Saved to vandana/ica_data/18/18_SS_ica_raw.fif
data loaded
Processed 18_LOFT: Excluded 0 artifact components. Saved to vandana/ica_data/18/18_LOFT_ica_raw.fif
data loaded
Processed 19_CA: Excluded 0 artifact components. Saved to vandana/ica_data/19/19_CA_ica_raw.fif
data loaded
Processed 19_DA: Excluded 0 artifact components. Saved to vandana/ica_data/19/19_DA_ica_raw.fif
data loaded
Processed 19_SS: Excluded 0 artifact components. Saved to vandana/ica_data/19/19_SS_ica_raw.fif
data loaded
Processed 19_LOFT: Excluded 0 artifact components. Saved to vandana/ica_data/19/19_LOFT_ica_raw.fif
data loaded
Processed 21_CA: Excluded 0 artifact components. Saved to vandana/ica_data/21/21_CA_ica_raw.fif
data loaded
Processed 21_DA: Excluded 0 artifact components. Saved to vandana/ica_data/21/21_DA_ica_raw.fif
data loaded
Processed 21_SS: Excluded 0 artifact components. Saved to vandana/ica_data/21/21_SS_ica_raw.fif
data loaded
Processed 21_LOFT: Excluded 0 artifact components. Saved to vandana/ica_data/21/21_LOFT_ica_raw.fif
data loaded
Processed 22_CA: Excluded 0 artifact components. Saved to vandana/ica_data/22/22_CA_ica_raw.fif
data loaded
Processed 22_DA: Excluded 0 artifact components. Saved to vandana/ica_data/22/22_DA_ica_raw.fif
data loaded
Processed 22_SS: Excluded 0 artifact components. Saved to vandana/ica_data/22/22_SS_ica_raw.fif
data loaded
Processed 22_LOFT: Excluded 0 artifact components. Saved to vandana/ica_data/22/22_LOFT_ica_raw.fif
data loaded
Processed 23_CA: Excluded 0 artifact components. Saved to vandana/ica_data/23/23_CA_ica_raw.fif
data loaded
Processed 23_DA: Excluded 0 artifact components. Saved to vandana/ica_data/23/23_DA_ica_raw.fif
data loaded
Processed 23_SS: Excluded 0 artifact components. Saved to vandana/ica_data/23/23_SS_ica_raw.fif
data loaded
Processed 23_LOFT: Excluded 0 artifact components. Saved to vandana/ica_data/23/23_LOFT_ica_raw.fif
data loaded
Processed 24_CA: Excluded 0 artifact components. Saved to vandana/ica_data/24/24_CA_ica_raw.fif
data loaded
Processed 24_DA: Excluded 0 artifact components. Saved to vandana/ica_data/24/24_DA_ica_raw.fif
data loaded
Processed 24_SS: Excluded 0 artifact components. Saved to vandana/ica_data/24/24_SS_ica_raw.fif
data loaded
Processed 24_LOFT: Excluded 0 artifact components. Saved to vandana/ica_data/24/24_LOFT_ica_raw.fif
data loaded
Processed 25_CA: Excluded 0 artifact components. Saved to vandana/ica_data/25/25_CA_ica_raw.fif
data loaded
Processed 25_DA: Excluded 0 artifact components. Saved to vandana/ica_data/25/25_DA_ica_raw.fif
data loaded
Processed 25_SS: Excluded 0 artifact components. Saved to vandana/ica_data/25/25_SS_ica_raw.fif
data loaded
Processed 25_LOFT: Excluded 0 artifact components. Saved to vandana/ica_data/25/25_LOFT_ica_raw.fif
data loaded
Processed 26_CA: Excluded 0 artifact components. Saved to vandana/ica_data/26/26_CA_ica_raw.fif
data loaded
Processed 26_DA: Excluded 0 artifact components. Saved to vandana/ica_data/26/26_DA_ica_raw.fif
data loaded
Processed 26_SS: Excluded 0 artifact components. Saved to vandana/ica_data/26/26_SS_ica_raw.fif
data loaded
Processed 26_LOFT: Excluded 0 artifact components. Saved to vandana/ica_data/26/26_LOFT_ica_raw.fif
ICA Cleaning Complete.
