Archive:  10.zip
   creating: 10/
  inflating: 10/10_DA.csv            
  inflating: 10/10_LOFT.csv          
  inflating: 10/10_CA.csv            
  inflating: 10/10_SS.csv            
Archive:  11.zip
   creating: 11/
  inflating: 11/11_LOFT.csv          
  inflating: 11/11_SS.csv            
  inflating: 11/11_DA.csv            
  inflating: 11/11_CA.csv            
Archive:  12.zip
   creating: 12/
  inflating: 12/12_DA.csv            
  inflating: 12/12_CA.csv            
  inflating: 12/12_LOFT.csv          
  inflating: 12/12_SS.csv            
Archive:  13.zip
   creating: 13/
  inflating: 13/13_SS.csv            
  inflating: 13/13_LOFT.csv          
  inflating: 13/13_DA.csv            
  inflating: 13/13_CA.csv            
Archive:  14.zip
   creating: 14/
  inflating: 14/14_CA.csv            
  inflating: 14/14_DA.csv            
  inflating: 14/14_SS.csv            
  inflating: 14/14_LOFT.csv          
Archive:  17.zip
   creating: 17/
  inflating: 17/17_SS.csv            
  inflating: 17/17_LOFT.csv          
  inflating: 17/17_CA.csv            
  inflating: 17/17_DA.csv            
Archive:  18.zip
   creating: 18/
  inflating: 18/18_CA.csv            
  inflating: 18/18_DA.csv            
  inflating: 18/18_SS.csv            
  inflating: 18/18_LOFT.csv          
Archive:  19.zip
   creating: 19/
  inflating: 19/19_SS.csv            
  inflating: 19/19_CA.csv            
  inflating: 19/19_LOFT.csv          
  inflating: 19/19_DA.csv            
Archive:  21.zip
   creating: 21/
  inflating: 21/21_SS.csv            
  inflating: 21/21_CA.csv            
  inflating: 21/21_DA.csv            
  inflating: 21/21_LOFT.csv          
Archive:  22.zip
   creating: 22/
  inflating: 22/22_CA.csv            
  inflating: 22/22_DA.csv            
  inflating: 22/22_LOFT.csv          
  inflating: 22/22_SS.csv            
Archive:  23.zip
   creating: 23/
  inflating: 23/23_SS.csv            
  inflating: 23/23_LOFT.csv          
  inflating: 23/23_CA.csv            
  inflating: 23/23_DA.csv            
Archive:  24.zip
   creating: 24/
  inflating: 24/24_LOFT.csv          
  inflating: 24/24_DA.csv            
  inflating: 24/24_CA.csv            
  inflating: 24/24_SS.csv            
Archive:  25.zip
   creating: 25/
  inflating: 25/25_LOFT.csv          
  inflating: 25/25_SS.csv            
  inflating: 25/25_DA.csv            
  inflating: 25/25_CA.csv            
Archive:  26.zip
   creating: 26/
  inflating: 26/26_DA.csv            
  inflating: 26/26_CA.csv            
  inflating: 26/26_LOFT.csv          
  inflating: 26/26_SS.csv            
Archive:  5.zip
   creating: 5/
  inflating: 5/5_DA.csv              
  inflating: 5/5_LOFT.csv            
  inflating: 5/5_CA.csv              
  inflating: 5/5_SS.csv              
Archive:  6.zip
   creating: 6/
  inflating: 6/6_SS.csv              
  inflating: 6/6_DA.csv              
  inflating: 6/6_LOFT.csv            
  inflating: 6/6_CA.csv              
Archive:  9.zip
   creating: 9/
  inflating: 9/9_DA.csv              
  inflating: 9/9_LOFT.csv            
  inflating: 9/9_CA.csv              
  inflating: 9/9_SS.csv              
data read
data loaded
frequency filtered
Setting up high-pass filter at 1 Hz

FIR filter parameters
---------------------
Designing a one-pass, zero-phase, non-causal highpass filter:
- Windowed time-domain design (firwin) method
- Hamming window with 0.0194 passband ripple and 53 dB stopband attenuation
- Lower passband edge: 1.00
- Lower transition bandwidth: 1.00 Hz (-6 dB cutoff frequency: 0.50 Hz)
- Filter length: 845 samples (3.301 s)

Executing RANSAC
This may take a while, so be patient...

RANSAC done!
nd ran! Bads found! Pilot5 and runCA!
Completed 5_CA. Bads found: ['T6', 'O2', 'Fp2', 'Cz', 'Fp1', 'T5']
data read
data loaded
frequency filtered
Setting up high-pass filter at 1 Hz

FIR filter parameters
---------------------
Designing a one-pass, zero-phase, non-causal highpass filter:
- Windowed time-domain design (firwin) method
- Hamming window with 0.0194 passband ripple and 53 dB stopband attenuation
- Lower passband edge: 1.00
- Lower transition bandwidth: 1.00 Hz (-6 dB cutoff frequency: 0.50 Hz)
- Filter length: 845 samples (3.301 s)

Executing RANSAC
This may take a while, so be patient...

RANSAC done!
nd ran! Bads found! Pilot5 and runDA!
Completed 5_DA. Bads found: ['T6', 'O2', 'F8', 'Cz', 'Fp1', 'T5']
data read
data loaded
frequency filtered
Setting up high-pass filter at 1 Hz

FIR filter parameters
---------------------
Designing a one-pass, zero-phase, non-causal highpass filter:
- Windowed time-domain design (firwin) method
- Hamming window with 0.0194 passband ripple and 53 dB stopband attenuation
- Lower passband edge: 1.00
- Lower transition bandwidth: 1.00 Hz (-6 dB cutoff frequency: 0.50 Hz)
- Filter length: 845 samples (3.301 s)

Executing RANSAC
This may take a while, so be patient...

RANSAC done!
nd ran! Bads found! Pilot5 and runSS!
Completed 5_SS. Bads found: ['T6', 'O2', 'F8', 'Cz', 'Fp1', 'T5', 'T4']
data read
data loaded
frequency filtered
Setting up high-pass filter at 1 Hz

FIR filter parameters
---------------------
Designing a one-pass, zero-phase, non-causal highpass filter:
- Windowed time-domain design (firwin) method
- Hamming window with 0.0194 passband ripple and 53 dB stopband attenuation
- Lower passband edge: 1.00
- Lower transition bandwidth: 1.00 Hz (-6 dB cutoff frequency: 0.50 Hz)
- Filter length: 845 samples (3.301 s)

Executing RANSAC
This may take a while, so be patient...

RANSAC done!
nd ran! Bads found! Pilot5 and runLOFT!
Completed 5_LOFT. Bads found: ['T6', 'O2', 'Fp2', 'F3', 'Fp1', 'T5', 'T4', 'P3']
data read
data loaded
frequency filtered
Setting up high-pass filter at 1 Hz

FIR filter parameters
---------------------
Designing a one-pass, zero-phase, non-causal highpass filter:
- Windowed time-domain design (firwin) method
- Hamming window with 0.0194 passband ripple and 53 dB stopband attenuation
- Lower passband edge: 1.00
- Lower transition bandwidth: 1.00 Hz (-6 dB cutoff frequency: 0.50 Hz)
- Filter length: 845 samples (3.301 s)

Executing RANSAC
This may take a while, so be patient...

RANSAC done!
nd ran! Bads found! Pilot6 and runCA!
Completed 6_CA. Bads found: ['O2', 'C3', 'F3', 'Cz', 'T3', 'P3']
data read
data loaded
frequency filtered
Setting up high-pass filter at 1 Hz

FIR filter parameters
---------------------
Designing a one-pass, zero-phase, non-causal highpass filter:
- Windowed time-domain design (firwin) method
- Hamming window with 0.0194 passband ripple and 53 dB stopband attenuation
- Lower passband edge: 1.00
- Lower transition bandwidth: 1.00 Hz (-6 dB cutoff frequency: 0.50 Hz)
- Filter length: 845 samples (3.301 s)

Executing RANSAC
This may take a while, so be patient...

RANSAC done!
nd ran! Bads found! Pilot6 and runDA!
Completed 6_DA. Bads found: ['O2', 'C3', 'F3', 'Cz', 'T3', 'Fp1', 'P3']
data read
data loaded
frequency filtered
Setting up high-pass filter at 1 Hz

FIR filter parameters
---------------------
Designing a one-pass, zero-phase, non-causal highpass filter:
- Windowed time-domain design (firwin) method
- Hamming window with 0.0194 passband ripple and 53 dB stopband attenuation
- Lower passband edge: 1.00
- Lower transition bandwidth: 1.00 Hz (-6 dB cutoff frequency: 0.50 Hz)
- Filter length: 845 samples (3.301 s)

Executing RANSAC
This may take a while, so be patient...

RANSAC done!
nd ran! Bads found! Pilot6 and runSS!
Completed 6_SS. Bads found: ['O2', 'C3', 'F8', 'F3', 'Cz', 'Fp1', 'P3']
data read
data loaded
frequency filtered
Setting up high-pass filter at 1 Hz

FIR filter parameters
---------------------
Designing a one-pass, zero-phase, non-causal highpass filter:
- Windowed time-domain design (firwin) method
- Hamming window with 0.0194 passband ripple and 53 dB stopband attenuation
- Lower passband edge: 1.00
- Lower transition bandwidth: 1.00 Hz (-6 dB cutoff frequency: 0.50 Hz)
- Filter length: 845 samples (3.301 s)

Executing RANSAC
This may take a while, so be patient...

RANSAC done!
nd ran! Bads found! Pilot6 and runLOFT!
Completed 6_LOFT. Bads found: ['O2', 'F4', 'Fp2', 'C3', 'F3', 'Cz', 'P3']
data read
data loaded
frequency filtered
Setting up high-pass filter at 1 Hz

FIR filter parameters
---------------------
Designing a one-pass, zero-phase, non-causal highpass filter:
- Windowed time-domain design (firwin) method
- Hamming window with 0.0194 passband ripple and 53 dB stopband attenuation
- Lower passband edge: 1.00
- Lower transition bandwidth: 1.00 Hz (-6 dB cutoff frequency: 0.50 Hz)
- Filter length: 845 samples (3.301 s)

Executing RANSAC
This may take a while, so be patient...

RANSAC done!
nd ran! Bads found! Pilot9 and runCA!
Completed 9_CA. Bads found: ['O2', 'F8', 'F7', 'Cz', 'T3', 'Fp1']
data read
data loaded
frequency filtered
Setting up high-pass filter at 1 Hz

FIR filter parameters
---------------------
Designing a one-pass, zero-phase, non-causal highpass filter:
- Windowed time-domain design (firwin) method
- Hamming window with 0.0194 passband ripple and 53 dB stopband attenuation
- Lower passband edge: 1.00
- Lower transition bandwidth: 1.00 Hz (-6 dB cutoff frequency: 0.50 Hz)
- Filter length: 845 samples (3.301 s)

Executing RANSAC
This may take a while, so be patient...

RANSAC done!
nd ran! Bads found! Pilot9 and runDA!
Completed 9_DA. Bads found: ['F8', 'O2', 'T4']
data read
data loaded
frequency filtered
Setting up high-pass filter at 1 Hz

FIR filter parameters
---------------------
Designing a one-pass, zero-phase, non-causal highpass filter:
- Windowed time-domain design (firwin) method
- Hamming window with 0.0194 passband ripple and 53 dB stopband attenuation
- Lower passband edge: 1.00
- Lower transition bandwidth: 1.00 Hz (-6 dB cutoff frequency: 0.50 Hz)
- Filter length: 845 samples (3.301 s)

Executing RANSAC
This may take a while, so be patient...

RANSAC done!
nd ran! Bads found! Pilot9 and runSS!
Completed 9_SS. Bads found: ['Fp1', 'O2', 'T4', 'T3']
data read
data loaded
frequency filtered
Setting up high-pass filter at 1 Hz

FIR filter parameters
---------------------
Designing a one-pass, zero-phase, non-causal highpass filter:
- Windowed time-domain design (firwin) method
- Hamming window with 0.0194 passband ripple and 53 dB stopband attenuation
- Lower passband edge: 1.00
- Lower transition bandwidth: 1.00 Hz (-6 dB cutoff frequency: 0.50 Hz)
- Filter length: 845 samples (3.301 s)

Executing RANSAC
This may take a while, so be patient...

RANSAC done!
nd ran! Bads found! Pilot9 and runLOFT!
Completed 9_LOFT. Bads found: ['T6', 'O2', 'F3', 'Cz', 'Fp1', 'C4', 'P3']
data read
data loaded
frequency filtered
Setting up high-pass filter at 1 Hz

FIR filter parameters
---------------------
Designing a one-pass, zero-phase, non-causal highpass filter:
- Windowed time-domain design (firwin) method
- Hamming window with 0.0194 passband ripple and 53 dB stopband attenuation
- Lower passband edge: 1.00
- Lower transition bandwidth: 1.00 Hz (-6 dB cutoff frequency: 0.50 Hz)
- Filter length: 845 samples (3.301 s)

Executing RANSAC
This may take a while, so be patient...

RANSAC done!
nd ran! Bads found! Pilot10 and runCA!
Completed 10_CA. Bads found: ['T6', 'T5', 'P4', 'O2']
data read
data loaded
frequency filtered
Setting up high-pass filter at 1 Hz

FIR filter parameters
---------------------
Designing a one-pass, zero-phase, non-causal highpass filter:
- Windowed time-domain design (firwin) method
- Hamming window with 0.0194 passband ripple and 53 dB stopband attenuation
- Lower passband edge: 1.00
- Lower transition bandwidth: 1.00 Hz (-6 dB cutoff frequency: 0.50 Hz)
- Filter length: 845 samples (3.301 s)

Executing RANSAC
This may take a while, so be patient...

RANSAC done!
nd ran! Bads found! Pilot10 and runDA!
Completed 10_DA. Bads found: ['T6', 'Fp1', 'T5', 'Fp2']
data read
data loaded
frequency filtered
Setting up high-pass filter at 1 Hz

FIR filter parameters
---------------------
Designing a one-pass, zero-phase, non-causal highpass filter:
- Windowed time-domain design (firwin) method
- Hamming window with 0.0194 passband ripple and 53 dB stopband attenuation
- Lower passband edge: 1.00
- Lower transition bandwidth: 1.00 Hz (-6 dB cutoff frequency: 0.50 Hz)
- Filter length: 845 samples (3.301 s)

Executing RANSAC
This may take a while, so be patient...

RANSAC done!
nd ran! Bads found! Pilot10 and runSS!
Completed 10_SS. Bads found: ['T6', 'O2', 'Fp2', 'Fp1', 'T5']
data read
data loaded
frequency filtered
Setting up high-pass filter at 1 Hz

FIR filter parameters
---------------------
Designing a one-pass, zero-phase, non-causal highpass filter:
- Windowed time-domain design (firwin) method
- Hamming window with 0.0194 passband ripple and 53 dB stopband attenuation
- Lower passband edge: 1.00
- Lower transition bandwidth: 1.00 Hz (-6 dB cutoff frequency: 0.50 Hz)
- Filter length: 845 samples (3.301 s)

Executing RANSAC
This may take a while, so be patient...

RANSAC done!
nd ran! Bads found! Pilot10 and runLOFT!
Completed 10_LOFT. Bads found: ['T6', 'O2', 'Fp2', 'Fp1', 'T5']
data read
data loaded
frequency filtered
Setting up high-pass filter at 1 Hz

FIR filter parameters
---------------------
Designing a one-pass, zero-phase, non-causal highpass filter:
- Windowed time-domain design (firwin) method
- Hamming window with 0.0194 passband ripple and 53 dB stopband attenuation
- Lower passband edge: 1.00
- Lower transition bandwidth: 1.00 Hz (-6 dB cutoff frequency: 0.50 Hz)
- Filter length: 845 samples (3.301 s)

Executing RANSAC
This may take a while, so be patient...

RANSAC done!
nd ran! Bads found! Pilot11 and runCA!
Completed 11_CA. Bads found: ['O1', 'O2', 'F4', 'T3', 'T5', 'T4']
data read
data loaded
frequency filtered
Setting up high-pass filter at 1 Hz

FIR filter parameters
---------------------
Designing a one-pass, zero-phase, non-causal highpass filter:
- Windowed time-domain design (firwin) method
- Hamming window with 0.0194 passband ripple and 53 dB stopband attenuation
- Lower passband edge: 1.00
- Lower transition bandwidth: 1.00 Hz (-6 dB cutoff frequency: 0.50 Hz)
- Filter length: 845 samples (3.301 s)

Executing RANSAC
This may take a while, so be patient...

RANSAC done!
nd ran! Bads found! Pilot11 and runDA!
Completed 11_DA. Bads found: ['F4', 'F8', 'F7', 'T3', 'T4']
data read
data loaded
frequency filtered
Setting up high-pass filter at 1 Hz

FIR filter parameters
---------------------
Designing a one-pass, zero-phase, non-causal highpass filter:
- Windowed time-domain design (firwin) method
- Hamming window with 0.0194 passband ripple and 53 dB stopband attenuation
- Lower passband edge: 1.00
- Lower transition bandwidth: 1.00 Hz (-6 dB cutoff frequency: 0.50 Hz)
- Filter length: 845 samples (3.301 s)

Executing RANSAC
This may take a while, so be patient...

RANSAC done!
nd ran! Bads found! Pilot11 and runSS!
Completed 11_SS. Bads found: ['T6', 'F4', 'Fp2', 'F3', 'T3', 'Fp1', 'T5', 'C4']
data read
data loaded
frequency filtered
Setting up high-pass filter at 1 Hz

FIR filter parameters
---------------------
Designing a one-pass, zero-phase, non-causal highpass filter:
- Windowed time-domain design (firwin) method
- Hamming window with 0.0194 passband ripple and 53 dB stopband attenuation
- Lower passband edge: 1.00
- Lower transition bandwidth: 1.00 Hz (-6 dB cutoff frequency: 0.50 Hz)
- Filter length: 845 samples (3.301 s)

Executing RANSAC
This may take a while, so be patient...

RANSAC done!
nd ran! Bads found! Pilot11 and runLOFT!
Completed 11_LOFT. Bads found: ['T6', 'F4', 'Fz', 'F3', 'T3', 'T5', 'Pz']
data read
data loaded
frequency filtered
Setting up high-pass filter at 1 Hz

FIR filter parameters
---------------------
Designing a one-pass, zero-phase, non-causal highpass filter:
- Windowed time-domain design (firwin) method
- Hamming window with 0.0194 passband ripple and 53 dB stopband attenuation
- Lower passband edge: 1.00
- Lower transition bandwidth: 1.00 Hz (-6 dB cutoff frequency: 0.50 Hz)
- Filter length: 845 samples (3.301 s)

Executing RANSAC
This may take a while, so be patient...

RANSAC done!
nd ran! Bads found! Pilot12 and runCA!
Completed 12_CA. Bads found: ['T5']
data read
data loaded
frequency filtered
Setting up high-pass filter at 1 Hz

FIR filter parameters
---------------------
Designing a one-pass, zero-phase, non-causal highpass filter:
- Windowed time-domain design (firwin) method
- Hamming window with 0.0194 passband ripple and 53 dB stopband attenuation
- Lower passband edge: 1.00
- Lower transition bandwidth: 1.00 Hz (-6 dB cutoff frequency: 0.50 Hz)
- Filter length: 845 samples (3.301 s)

Executing RANSAC
This may take a while, so be patient...

RANSAC done!
nd ran! Bads found! Pilot12 and runDA!
Completed 12_DA. Bads found: ['T6', 'T5', 'C4']
data read
data loaded
frequency filtered
Setting up high-pass filter at 1 Hz

FIR filter parameters
---------------------
Designing a one-pass, zero-phase, non-causal highpass filter:
- Windowed time-domain design (firwin) method
- Hamming window with 0.0194 passband ripple and 53 dB stopband attenuation
- Lower passband edge: 1.00
- Lower transition bandwidth: 1.00 Hz (-6 dB cutoff frequency: 0.50 Hz)
- Filter length: 845 samples (3.301 s)

Executing RANSAC
This may take a while, so be patient...

RANSAC done!
nd ran! Bads found! Pilot12 and runSS!
Completed 12_SS. Bads found: ['O2', 'F4', 'Fz', 'Fp2', 'F8', 'F7', 'C4']
data read
data loaded
frequency filtered
Setting up high-pass filter at 1 Hz

FIR filter parameters
---------------------
Designing a one-pass, zero-phase, non-causal highpass filter:
- Windowed time-domain design (firwin) method
- Hamming window with 0.0194 passband ripple and 53 dB stopband attenuation
- Lower passband edge: 1.00
- Lower transition bandwidth: 1.00 Hz (-6 dB cutoff frequency: 0.50 Hz)
- Filter length: 845 samples (3.301 s)

Executing RANSAC
This may take a while, so be patient...

RANSAC done!
nd ran! Bads found! Pilot12 and runLOFT!
Completed 12_LOFT. Bads found: ['T6', 'O2', 'F4', 'Fp1', 'P3']
data read
data loaded
frequency filtered
Setting up high-pass filter at 1 Hz

FIR filter parameters
---------------------
Designing a one-pass, zero-phase, non-causal highpass filter:
- Windowed time-domain design (firwin) method
- Hamming window with 0.0194 passband ripple and 53 dB stopband attenuation
- Lower passband edge: 1.00
- Lower transition bandwidth: 1.00 Hz (-6 dB cutoff frequency: 0.50 Hz)
- Filter length: 845 samples (3.301 s)

Executing RANSAC
This may take a while, so be patient...

RANSAC done!
nd ran! Bads found! Pilot13 and runCA!
Completed 13_CA. Bads found: ['F8', 'Cz', 'O2', 'Fp2']
data read
data loaded
frequency filtered
Setting up high-pass filter at 1 Hz

FIR filter parameters
---------------------
Designing a one-pass, zero-phase, non-causal highpass filter:
- Windowed time-domain design (firwin) method
- Hamming window with 0.0194 passband ripple and 53 dB stopband attenuation
- Lower passband edge: 1.00
- Lower transition bandwidth: 1.00 Hz (-6 dB cutoff frequency: 0.50 Hz)
- Filter length: 845 samples (3.301 s)

Executing RANSAC
This may take a while, so be patient...

RANSAC done!
nd ran! Bads found! Pilot13 and runDA!
Completed 13_DA. Bads found: ['O2', 'Fp2', 'Cz', 'POz', 'Fp1', 'T5']
data read
data loaded
frequency filtered
Setting up high-pass filter at 1 Hz

FIR filter parameters
---------------------
Designing a one-pass, zero-phase, non-causal highpass filter:
- Windowed time-domain design (firwin) method
- Hamming window with 0.0194 passband ripple and 53 dB stopband attenuation
- Lower passband edge: 1.00
- Lower transition bandwidth: 1.00 Hz (-6 dB cutoff frequency: 0.50 Hz)
- Filter length: 845 samples (3.301 s)

Executing RANSAC
This may take a while, so be patient...

RANSAC done!
nd ran! Bads found! Pilot13 and runSS!
Completed 13_SS. Bads found: ['O2', 'Fp2', 'Fz', 'F8', 'Cz', 'Fp1', 'T5']
data read
data loaded
frequency filtered
Setting up high-pass filter at 1 Hz

FIR filter parameters
---------------------
Designing a one-pass, zero-phase, non-causal highpass filter:
- Windowed time-domain design (firwin) method
- Hamming window with 0.0194 passband ripple and 53 dB stopband attenuation
- Lower passband edge: 1.00
- Lower transition bandwidth: 1.00 Hz (-6 dB cutoff frequency: 0.50 Hz)
- Filter length: 845 samples (3.301 s)

Executing RANSAC
This may take a while, so be patient...

RANSAC done!
nd ran! Bads found! Pilot13 and runLOFT!
Completed 13_LOFT. Bads found: ['F8', 'O2', 'Fp2', 'T5']
data read
data loaded
frequency filtered
Setting up high-pass filter at 1 Hz

FIR filter parameters
---------------------
Designing a one-pass, zero-phase, non-causal highpass filter:
- Windowed time-domain design (firwin) method
- Hamming window with 0.0194 passband ripple and 53 dB stopband attenuation
- Lower passband edge: 1.00
- Lower transition bandwidth: 1.00 Hz (-6 dB cutoff frequency: 0.50 Hz)
- Filter length: 845 samples (3.301 s)

Executing RANSAC
This may take a while, so be patient...

RANSAC done!
nd ran! Bads found! Pilot14 and runCA!
Completed 14_CA. Bads found: ['T6', 'O2', 'F8', 'Cz', 'Fp1', 'T4']
data read
data loaded
frequency filtered
Setting up high-pass filter at 1 Hz

FIR filter parameters
---------------------
Designing a one-pass, zero-phase, non-causal highpass filter:
- Windowed time-domain design (firwin) method
- Hamming window with 0.0194 passband ripple and 53 dB stopband attenuation
- Lower passband edge: 1.00
- Lower transition bandwidth: 1.00 Hz (-6 dB cutoff frequency: 0.50 Hz)
- Filter length: 845 samples (3.301 s)

Executing RANSAC
This may take a while, so be patient...

RANSAC done!
nd ran! Bads found! Pilot14 and runDA!
Completed 14_DA. Bads found: ['Fp1', 'O2', 'Fp2', 'Cz']
data read
data loaded
frequency filtered
Setting up high-pass filter at 1 Hz

FIR filter parameters
---------------------
Designing a one-pass, zero-phase, non-causal highpass filter:
- Windowed time-domain design (firwin) method
- Hamming window with 0.0194 passband ripple and 53 dB stopband attenuation
- Lower passband edge: 1.00
- Lower transition bandwidth: 1.00 Hz (-6 dB cutoff frequency: 0.50 Hz)
- Filter length: 845 samples (3.301 s)

Executing RANSAC
This may take a while, so be patient...

RANSAC done!
nd ran! Bads found! Pilot14 and runSS!
Completed 14_SS. Bads found: ['T6', 'O2', 'Cz', 'Fp1', 'T4']
data read
data loaded
frequency filtered
Setting up high-pass filter at 1 Hz

FIR filter parameters
---------------------
Designing a one-pass, zero-phase, non-causal highpass filter:
- Windowed time-domain design (firwin) method
- Hamming window with 0.0194 passband ripple and 53 dB stopband attenuation
- Lower passband edge: 1.00
- Lower transition bandwidth: 1.00 Hz (-6 dB cutoff frequency: 0.50 Hz)
- Filter length: 845 samples (3.301 s)

Executing RANSAC
This may take a while, so be patient...

RANSAC done!
nd ran! Bads found! Pilot14 and runLOFT!
Completed 14_LOFT. Bads found: ['T6', 'O2', 'Fp2', 'F8', 'Cz', 'Fp1', 'T4']
data read
data loaded
frequency filtered
Setting up high-pass filter at 1 Hz

FIR filter parameters
---------------------
Designing a one-pass, zero-phase, non-causal highpass filter:
- Windowed time-domain design (firwin) method
- Hamming window with 0.0194 passband ripple and 53 dB stopband attenuation
- Lower passband edge: 1.00
- Lower transition bandwidth: 1.00 Hz (-6 dB cutoff frequency: 0.50 Hz)
- Filter length: 845 samples (3.301 s)

Executing RANSAC
This may take a while, so be patient...

RANSAC done!
nd ran! Bads found! Pilot17 and runCA!
Completed 17_CA. Bads found: ['T6', 'O2', 'F8', 'Cz', 'T4', 'P3']
data read
data loaded
frequency filtered
Setting up high-pass filter at 1 Hz

FIR filter parameters
---------------------
Designing a one-pass, zero-phase, non-causal highpass filter:
- Windowed time-domain design (firwin) method
- Hamming window with 0.0194 passband ripple and 53 dB stopband attenuation
- Lower passband edge: 1.00
- Lower transition bandwidth: 1.00 Hz (-6 dB cutoff frequency: 0.50 Hz)
- Filter length: 845 samples (3.301 s)

Executing RANSAC
This may take a while, so be patient...

RANSAC done!
nd ran! Bads found! Pilot17 and runDA!
Completed 17_DA. Bads found: ['F8', 'O2', 'T6', 'T4']
data read
data loaded
frequency filtered
Setting up high-pass filter at 1 Hz

FIR filter parameters
---------------------
Designing a one-pass, zero-phase, non-causal highpass filter:
- Windowed time-domain design (firwin) method
- Hamming window with 0.0194 passband ripple and 53 dB stopband attenuation
- Lower passband edge: 1.00
- Lower transition bandwidth: 1.00 Hz (-6 dB cutoff frequency: 0.50 Hz)
- Filter length: 845 samples (3.301 s)

Executing RANSAC
This may take a while, so be patient...

RANSAC done!
nd ran! Bads found! Pilot17 and runSS!
Completed 17_SS. Bads found: ['T6', 'O2', 'F8', 'Cz', 'T4', 'P3', 'Pz']
data read
data loaded
frequency filtered
Setting up high-pass filter at 1 Hz

FIR filter parameters
---------------------
Designing a one-pass, zero-phase, non-causal highpass filter:
- Windowed time-domain design (firwin) method
- Hamming window with 0.0194 passband ripple and 53 dB stopband attenuation
- Lower passband edge: 1.00
- Lower transition bandwidth: 1.00 Hz (-6 dB cutoff frequency: 0.50 Hz)
- Filter length: 845 samples (3.301 s)

Executing RANSAC
This may take a while, so be patient...

RANSAC done!
nd ran! Bads found! Pilot17 and runLOFT!
Completed 17_LOFT. Bads found: ['T6', 'O2', 'Fz', 'F8', 'Cz', 'T3', 'T4', 'Pz']
data read
data loaded
frequency filtered
Setting up high-pass filter at 1 Hz

FIR filter parameters
---------------------
Designing a one-pass, zero-phase, non-causal highpass filter:
- Windowed time-domain design (firwin) method
- Hamming window with 0.0194 passband ripple and 53 dB stopband attenuation
- Lower passband edge: 1.00
- Lower transition bandwidth: 1.00 Hz (-6 dB cutoff frequency: 0.50 Hz)
- Filter length: 845 samples (3.301 s)

Executing RANSAC
This may take a while, so be patient...

RANSAC done!
nd ran! Bads found! Pilot18 and runCA!
Completed 18_CA. Bads found: ['O2', 'Fp2', 'Cz', 'T3', 'Fp1']
data read
data loaded
frequency filtered
Setting up high-pass filter at 1 Hz

FIR filter parameters
---------------------
Designing a one-pass, zero-phase, non-causal highpass filter:
- Windowed time-domain design (firwin) method
- Hamming window with 0.0194 passband ripple and 53 dB stopband attenuation
- Lower passband edge: 1.00
- Lower transition bandwidth: 1.00 Hz (-6 dB cutoff frequency: 0.50 Hz)
- Filter length: 845 samples (3.301 s)

Executing RANSAC
This may take a while, so be patient...

RANSAC done!
nd ran! Bads found! Pilot18 and runDA!
Completed 18_DA. Bads found: ['T6', 'O2', 'Fp2', 'F7', 'Cz', 'T3']
data read
data loaded
frequency filtered
Setting up high-pass filter at 1 Hz

FIR filter parameters
---------------------
Designing a one-pass, zero-phase, non-causal highpass filter:
- Windowed time-domain design (firwin) method
- Hamming window with 0.0194 passband ripple and 53 dB stopband attenuation
- Lower passband edge: 1.00
- Lower transition bandwidth: 1.00 Hz (-6 dB cutoff frequency: 0.50 Hz)
- Filter length: 845 samples (3.301 s)

Executing RANSAC
This may take a while, so be patient...

RANSAC done!
nd ran! Bads found! Pilot18 and runSS!
Completed 18_SS. Bads found: ['O2', 'Fp2']
data read
data loaded
frequency filtered
Setting up high-pass filter at 1 Hz

FIR filter parameters
---------------------
Designing a one-pass, zero-phase, non-causal highpass filter:
- Windowed time-domain design (firwin) method
- Hamming window with 0.0194 passband ripple and 53 dB stopband attenuation
- Lower passband edge: 1.00
- Lower transition bandwidth: 1.00 Hz (-6 dB cutoff frequency: 0.50 Hz)
- Filter length: 845 samples (3.301 s)

Executing RANSAC
This may take a while, so be patient...

RANSAC done!
nd ran! Bads found! Pilot18 and runLOFT!
Completed 18_LOFT. Bads found: ['O2', 'F3', 'POz', 'P3', 'Pz']
data read
data loaded
frequency filtered
Setting up high-pass filter at 1 Hz

FIR filter parameters
---------------------
Designing a one-pass, zero-phase, non-causal highpass filter:
- Windowed time-domain design (firwin) method
- Hamming window with 0.0194 passband ripple and 53 dB stopband attenuation
- Lower passband edge: 1.00
- Lower transition bandwidth: 1.00 Hz (-6 dB cutoff frequency: 0.50 Hz)
- Filter length: 845 samples (3.301 s)

Executing RANSAC
This may take a while, so be patient...

RANSAC done!
nd ran! Bads found! Pilot19 and runCA!
Completed 19_CA. Bads found: ['T6', 'O2', 'Fp2', 'T3']
data read
data loaded
frequency filtered
Setting up high-pass filter at 1 Hz

FIR filter parameters
---------------------
Designing a one-pass, zero-phase, non-causal highpass filter:
- Windowed time-domain design (firwin) method
- Hamming window with 0.0194 passband ripple and 53 dB stopband attenuation
- Lower passband edge: 1.00
- Lower transition bandwidth: 1.00 Hz (-6 dB cutoff frequency: 0.50 Hz)
- Filter length: 845 samples (3.301 s)

Executing RANSAC
This may take a while, so be patient...

RANSAC done!
nd ran! Bads found! Pilot19 and runDA!
Completed 19_DA. Bads found: ['Cz', 'O2']
data read
data loaded
frequency filtered
Setting up high-pass filter at 1 Hz

FIR filter parameters
---------------------
Designing a one-pass, zero-phase, non-causal highpass filter:
- Windowed time-domain design (firwin) method
- Hamming window with 0.0194 passband ripple and 53 dB stopband attenuation
- Lower passband edge: 1.00
- Lower transition bandwidth: 1.00 Hz (-6 dB cutoff frequency: 0.50 Hz)
- Filter length: 845 samples (3.301 s)

Executing RANSAC
This may take a while, so be patient...

RANSAC done!
nd ran! Bads found! Pilot19 and runSS!
Completed 19_SS. Bads found: ['Fp1', 'O2', 'Fp2', 'T3']
data read
data loaded
frequency filtered
Setting up high-pass filter at 1 Hz

FIR filter parameters
---------------------
Designing a one-pass, zero-phase, non-causal highpass filter:
- Windowed time-domain design (firwin) method
- Hamming window with 0.0194 passband ripple and 53 dB stopband attenuation
- Lower passband edge: 1.00
- Lower transition bandwidth: 1.00 Hz (-6 dB cutoff frequency: 0.50 Hz)
- Filter length: 845 samples (3.301 s)

Executing RANSAC
This may take a while, so be patient...

RANSAC done!
nd ran! Bads found! Pilot19 and runLOFT!
Completed 19_LOFT. Bads found: ['O2', 'Fp2', 'F3', 'T3', 'Fp1', 'Pz']
data read
data loaded
frequency filtered
Setting up high-pass filter at 1 Hz

FIR filter parameters
---------------------
Designing a one-pass, zero-phase, non-causal highpass filter:
- Windowed time-domain design (firwin) method
- Hamming window with 0.0194 passband ripple and 53 dB stopband attenuation
- Lower passband edge: 1.00
- Lower transition bandwidth: 1.00 Hz (-6 dB cutoff frequency: 0.50 Hz)
- Filter length: 845 samples (3.301 s)

Executing RANSAC
This may take a while, so be patient...

RANSAC done!
nd ran! Bads found! Pilot21 and runCA!
Completed 21_CA. Bads found: ['O2', 'Fz', 'Cz', 'T5', 'Pz']
data read
data loaded
frequency filtered
Setting up high-pass filter at 1 Hz

FIR filter parameters
---------------------
Designing a one-pass, zero-phase, non-causal highpass filter:
- Windowed time-domain design (firwin) method
- Hamming window with 0.0194 passband ripple and 53 dB stopband attenuation
- Lower passband edge: 1.00
- Lower transition bandwidth: 1.00 Hz (-6 dB cutoff frequency: 0.50 Hz)
- Filter length: 845 samples (3.301 s)

Executing RANSAC
This may take a while, so be patient...

RANSAC done!
nd ran! Bads found! Pilot21 and runDA!
Completed 21_DA. Bads found: ['O2', 'Fp2', 'Fz', 'Cz', 'Pz']
data read
data loaded
frequency filtered
Setting up high-pass filter at 1 Hz

FIR filter parameters
---------------------
Designing a one-pass, zero-phase, non-causal highpass filter:
- Windowed time-domain design (firwin) method
- Hamming window with 0.0194 passband ripple and 53 dB stopband attenuation
- Lower passband edge: 1.00
- Lower transition bandwidth: 1.00 Hz (-6 dB cutoff frequency: 0.50 Hz)
- Filter length: 845 samples (3.301 s)

Executing RANSAC
This may take a while, so be patient...

RANSAC done!
nd ran! Bads found! Pilot21 and runSS!
Completed 21_SS. Bads found: ['Cz', 'O2', 'Fp2']
data read
data loaded
frequency filtered
Setting up high-pass filter at 1 Hz

FIR filter parameters
---------------------
Designing a one-pass, zero-phase, non-causal highpass filter:
- Windowed time-domain design (firwin) method
- Hamming window with 0.0194 passband ripple and 53 dB stopband attenuation
- Lower passband edge: 1.00
- Lower transition bandwidth: 1.00 Hz (-6 dB cutoff frequency: 0.50 Hz)
- Filter length: 845 samples (3.301 s)

Executing RANSAC
This may take a while, so be patient...

RANSAC done!
nd ran! Bads found! Pilot21 and runLOFT!
Completed 21_LOFT. Bads found: ['O2', 'Fp2', 'Fz', 'Cz', 'Fp1', 'T5', 'Pz']
data read
data loaded
frequency filtered
Setting up high-pass filter at 1 Hz

FIR filter parameters
---------------------
Designing a one-pass, zero-phase, non-causal highpass filter:
- Windowed time-domain design (firwin) method
- Hamming window with 0.0194 passband ripple and 53 dB stopband attenuation
- Lower passband edge: 1.00
- Lower transition bandwidth: 1.00 Hz (-6 dB cutoff frequency: 0.50 Hz)
- Filter length: 845 samples (3.301 s)

Executing RANSAC
This may take a while, so be patient...

RANSAC done!
nd ran! Bads found! Pilot22 and runCA!
Completed 22_CA. Bads found: ['O2', 'Fp2', 'Fz', 'P3', 'Pz']
data read
data loaded
frequency filtered
Setting up high-pass filter at 1 Hz

FIR filter parameters
---------------------
Designing a one-pass, zero-phase, non-causal highpass filter:
- Windowed time-domain design (firwin) method
- Hamming window with 0.0194 passband ripple and 53 dB stopband attenuation
- Lower passband edge: 1.00
- Lower transition bandwidth: 1.00 Hz (-6 dB cutoff frequency: 0.50 Hz)
- Filter length: 845 samples (3.301 s)

Executing RANSAC
This may take a while, so be patient...

RANSAC done!
nd ran! Bads found! Pilot22 and runDA!
Completed 22_DA. Bads found: ['O2', 'Fp2', 'Fz', 'Fp1', 'P3', 'Pz']
data read
data loaded
frequency filtered
Setting up high-pass filter at 1 Hz

FIR filter parameters
---------------------
Designing a one-pass, zero-phase, non-causal highpass filter:
- Windowed time-domain design (firwin) method
- Hamming window with 0.0194 passband ripple and 53 dB stopband attenuation
- Lower passband edge: 1.00
- Lower transition bandwidth: 1.00 Hz (-6 dB cutoff frequency: 0.50 Hz)
- Filter length: 845 samples (3.301 s)

Executing RANSAC
This may take a while, so be patient...

RANSAC done!
nd ran! Bads found! Pilot22 and runSS!
Completed 22_SS. Bads found: ['O2', 'Fp2', 'Fz', 'C3', 'F3', 'Cz', 'Fp1', 'P3', 'Pz']
data read
data loaded
frequency filtered
Setting up high-pass filter at 1 Hz

FIR filter parameters
---------------------
Designing a one-pass, zero-phase, non-causal highpass filter:
- Windowed time-domain design (firwin) method
- Hamming window with 0.0194 passband ripple and 53 dB stopband attenuation
- Lower passband edge: 1.00
- Lower transition bandwidth: 1.00 Hz (-6 dB cutoff frequency: 0.50 Hz)
- Filter length: 845 samples (3.301 s)

Executing RANSAC
This may take a while, so be patient...

RANSAC done!
nd ran! Bads found! Pilot22 and runLOFT!
Completed 22_LOFT. Bads found: ['O2', 'Fp2', 'Fz', 'C3', 'F3', 'Cz', 'Fp1', 'P3', 'Pz', 'P4']
data read
data loaded
frequency filtered
Setting up high-pass filter at 1 Hz

FIR filter parameters
---------------------
Designing a one-pass, zero-phase, non-causal highpass filter:
- Windowed time-domain design (firwin) method
- Hamming window with 0.0194 passband ripple and 53 dB stopband attenuation
- Lower passband edge: 1.00
- Lower transition bandwidth: 1.00 Hz (-6 dB cutoff frequency: 0.50 Hz)
- Filter length: 845 samples (3.301 s)

Executing RANSAC
This may take a while, so be patient...

RANSAC done!
nd ran! Bads found! Pilot23 and runCA!
Completed 23_CA. Bads found: ['O2', 'Fp2', 'Cz', 'T3', 'Fp1']
data read
data loaded
frequency filtered
Setting up high-pass filter at 1 Hz

FIR filter parameters
---------------------
Designing a one-pass, zero-phase, non-causal highpass filter:
- Windowed time-domain design (firwin) method
- Hamming window with 0.0194 passband ripple and 53 dB stopband attenuation
- Lower passband edge: 1.00
- Lower transition bandwidth: 1.00 Hz (-6 dB cutoff frequency: 0.50 Hz)
- Filter length: 845 samples (3.301 s)

Executing RANSAC
This may take a while, so be patient...

RANSAC done!
nd ran! Bads found! Pilot23 and runDA!
Completed 23_DA. Bads found: ['Fp1', 'O2', 'Fp2', 'Cz']
data read
data loaded
frequency filtered
Setting up high-pass filter at 1 Hz

FIR filter parameters
---------------------
Designing a one-pass, zero-phase, non-causal highpass filter:
- Windowed time-domain design (firwin) method
- Hamming window with 0.0194 passband ripple and 53 dB stopband attenuation
- Lower passband edge: 1.00
- Lower transition bandwidth: 1.00 Hz (-6 dB cutoff frequency: 0.50 Hz)
- Filter length: 845 samples (3.301 s)

Executing RANSAC
This may take a while, so be patient...

RANSAC done!
nd ran! Bads found! Pilot23 and runSS!
Completed 23_SS. Bads found: ['O2', 'Fp2', 'Cz', 'Fp1', 'T5']
data read
data loaded
frequency filtered
Setting up high-pass filter at 1 Hz

FIR filter parameters
---------------------
Designing a one-pass, zero-phase, non-causal highpass filter:
- Windowed time-domain design (firwin) method
- Hamming window with 0.0194 passband ripple and 53 dB stopband attenuation
- Lower passband edge: 1.00
- Lower transition bandwidth: 1.00 Hz (-6 dB cutoff frequency: 0.50 Hz)
- Filter length: 845 samples (3.301 s)

Executing RANSAC
This may take a while, so be patient...

RANSAC done!
nd ran! Bads found! Pilot23 and runLOFT!
Completed 23_LOFT. Bads found: ['O2', 'Fp2', 'Cz', 'Fp1', 'T5', 'P3', 'P4']
data read
data loaded
frequency filtered
Setting up high-pass filter at 1 Hz

FIR filter parameters
---------------------
Designing a one-pass, zero-phase, non-causal highpass filter:
- Windowed time-domain design (firwin) method
- Hamming window with 0.0194 passband ripple and 53 dB stopband attenuation
- Lower passband edge: 1.00
- Lower transition bandwidth: 1.00 Hz (-6 dB cutoff frequency: 0.50 Hz)
- Filter length: 845 samples (3.301 s)

Executing RANSAC
This may take a while, so be patient...

RANSAC done!
nd ran! Bads found! Pilot24 and runCA!
Completed 24_CA. Bads found: ['Pz', 'Fp2', 'O2']
data read
data loaded
frequency filtered
Setting up high-pass filter at 1 Hz

FIR filter parameters
---------------------
Designing a one-pass, zero-phase, non-causal highpass filter:
- Windowed time-domain design (firwin) method
- Hamming window with 0.0194 passband ripple and 53 dB stopband attenuation
- Lower passband edge: 1.00
- Lower transition bandwidth: 1.00 Hz (-6 dB cutoff frequency: 0.50 Hz)
- Filter length: 845 samples (3.301 s)

Executing RANSAC
This may take a while, so be patient...

RANSAC done!
nd ran! Bads found! Pilot24 and runDA!
Completed 24_DA. Bads found: ['O2', 'Fp2', 'Fp1', 'T5', 'Pz']
data read
data loaded
frequency filtered
Setting up high-pass filter at 1 Hz

FIR filter parameters
---------------------
Designing a one-pass, zero-phase, non-causal highpass filter:
- Windowed time-domain design (firwin) method
- Hamming window with 0.0194 passband ripple and 53 dB stopband attenuation
- Lower passband edge: 1.00
- Lower transition bandwidth: 1.00 Hz (-6 dB cutoff frequency: 0.50 Hz)
- Filter length: 845 samples (3.301 s)

Executing RANSAC
This may take a while, so be patient...

RANSAC done!
nd ran! Bads found! Pilot24 and runSS!
Completed 24_SS. Bads found: ['O2', 'F8', 'T3', 'Fp1', 'T5', 'Pz']
data read
data loaded
frequency filtered
Setting up high-pass filter at 1 Hz

FIR filter parameters
---------------------
Designing a one-pass, zero-phase, non-causal highpass filter:
- Windowed time-domain design (firwin) method
- Hamming window with 0.0194 passband ripple and 53 dB stopband attenuation
- Lower passband edge: 1.00
- Lower transition bandwidth: 1.00 Hz (-6 dB cutoff frequency: 0.50 Hz)
- Filter length: 845 samples (3.301 s)

Executing RANSAC
This may take a while, so be patient...

RANSAC done!
nd ran! Bads found! Pilot24 and runLOFT!
Completed 24_LOFT. Bads found: ['O2', 'Fp2', 'F8', 'Cz', 'T3', 'Fp1', 'T5', 'T4']
data read
data loaded
frequency filtered
Setting up high-pass filter at 1 Hz

FIR filter parameters
---------------------
Designing a one-pass, zero-phase, non-causal highpass filter:
- Windowed time-domain design (firwin) method
- Hamming window with 0.0194 passband ripple and 53 dB stopband attenuation
- Lower passband edge: 1.00
- Lower transition bandwidth: 1.00 Hz (-6 dB cutoff frequency: 0.50 Hz)
- Filter length: 845 samples (3.301 s)

Executing RANSAC
This may take a while, so be patient...

RANSAC done!
nd ran! Bads found! Pilot25 and runCA!
Completed 25_CA. Bads found: ['O2', 'Fp2', 'F7', 'T3', 'Pz']
data read
data loaded
frequency filtered
Setting up high-pass filter at 1 Hz

FIR filter parameters
---------------------
Designing a one-pass, zero-phase, non-causal highpass filter:
- Windowed time-domain design (firwin) method
- Hamming window with 0.0194 passband ripple and 53 dB stopband attenuation
- Lower passband edge: 1.00
- Lower transition bandwidth: 1.00 Hz (-6 dB cutoff frequency: 0.50 Hz)
- Filter length: 845 samples (3.301 s)

Executing RANSAC
This may take a while, so be patient...

RANSAC done!
nd ran! Bads found! Pilot25 and runDA!
Completed 25_DA. Bads found: ['O2', 'F4', 'F8', 'POz', 'Pz']
data read
data loaded
frequency filtered
Setting up high-pass filter at 1 Hz

FIR filter parameters
---------------------
Designing a one-pass, zero-phase, non-causal highpass filter:
- Windowed time-domain design (firwin) method
- Hamming window with 0.0194 passband ripple and 53 dB stopband attenuation
- Lower passband edge: 1.00
- Lower transition bandwidth: 1.00 Hz (-6 dB cutoff frequency: 0.50 Hz)
- Filter length: 845 samples (3.301 s)

Executing RANSAC
This may take a while, so be patient...

RANSAC done!
nd ran! Bads found! Pilot25 and runSS!
Completed 25_SS. Bads found: ['Pz', 'O2']
data read
data loaded
frequency filtered
Setting up high-pass filter at 1 Hz

FIR filter parameters
---------------------
Designing a one-pass, zero-phase, non-causal highpass filter:
- Windowed time-domain design (firwin) method
- Hamming window with 0.0194 passband ripple and 53 dB stopband attenuation
- Lower passband edge: 1.00
- Lower transition bandwidth: 1.00 Hz (-6 dB cutoff frequency: 0.50 Hz)
- Filter length: 845 samples (3.301 s)

Executing RANSAC
This may take a while, so be patient...

RANSAC done!
nd ran! Bads found! Pilot25 and runLOFT!
Completed 25_LOFT. Bads found: ['T4', 'Pz', 'O2']
data read
data loaded
frequency filtered
Setting up high-pass filter at 1 Hz

FIR filter parameters
---------------------
Designing a one-pass, zero-phase, non-causal highpass filter:
- Windowed time-domain design (firwin) method
- Hamming window with 0.0194 passband ripple and 53 dB stopband attenuation
- Lower passband edge: 1.00
- Lower transition bandwidth: 1.00 Hz (-6 dB cutoff frequency: 0.50 Hz)
- Filter length: 845 samples (3.301 s)

Executing RANSAC
This may take a while, so be patient...

RANSAC done!
nd ran! Bads found! Pilot26 and runCA!
Completed 26_CA. Bads found: ['O2', 'Fp2', 'F8', 'Cz', 'T3', 'POz', 'T4']
data read
data loaded
frequency filtered
Setting up high-pass filter at 1 Hz

FIR filter parameters
---------------------
Designing a one-pass, zero-phase, non-causal highpass filter:
- Windowed time-domain design (firwin) method
- Hamming window with 0.0194 passband ripple and 53 dB stopband attenuation
- Lower passband edge: 1.00
- Lower transition bandwidth: 1.00 Hz (-6 dB cutoff frequency: 0.50 Hz)
- Filter length: 845 samples (3.301 s)

Executing RANSAC
This may take a while, so be patient...

RANSAC done!
nd ran! Bads found! Pilot26 and runDA!
Completed 26_DA. Bads found: ['T6', 'O2', 'Fp2', 'F8', 'Cz', 'T3', 'POz']
data read
data loaded
frequency filtered
Setting up high-pass filter at 1 Hz

FIR filter parameters
---------------------
Designing a one-pass, zero-phase, non-causal highpass filter:
- Windowed time-domain design (firwin) method
- Hamming window with 0.0194 passband ripple and 53 dB stopband attenuation
- Lower passband edge: 1.00
- Lower transition bandwidth: 1.00 Hz (-6 dB cutoff frequency: 0.50 Hz)
- Filter length: 845 samples (3.301 s)

Executing RANSAC
This may take a while, so be patient...

RANSAC done!
nd ran! Bads found! Pilot26 and runSS!
Completed 26_SS. Bads found: ['T6', 'O2', 'Fp2', 'F3', 'Cz', 'Fp1']
data read
data loaded
frequency filtered
Setting up high-pass filter at 1 Hz

FIR filter parameters
---------------------
Designing a one-pass, zero-phase, non-causal highpass filter:
- Windowed time-domain design (firwin) method
- Hamming window with 0.0194 passband ripple and 53 dB stopband attenuation
- Lower passband edge: 1.00
- Lower transition bandwidth: 1.00 Hz (-6 dB cutoff frequency: 0.50 Hz)
- Filter length: 845 samples (3.301 s)

Executing RANSAC
This may take a while, so be patient...

RANSAC done!
nd ran! Bads found! Pilot26 and runLOFT!
Completed 26_LOFT. Bads found: ['T6', 'O2', 'Fp2', 'Fz', 'T4']
autobad dict
{'5_CA': ['T6', 'O2', 'Fp2', 'Cz', 'Fp1', 'T5'], '5_DA': ['T6', 'O2', 'F8', 'Cz', 'Fp1', 'T5'], '5_SS': ['T6', 'O2', 'F8', 'Cz', 'Fp1', 'T5', 'T4'], '5_LOFT': ['T6', 'O2', 'Fp2', 'F3', 'Fp1', 'T5', 'T4', 'P3'], '6_CA': ['O2', 'C3', 'F3', 'Cz', 'T3', 'P3'], '6_DA': ['O2', 'C3', 'F3', 'Cz', 'T3', 'Fp1', 'P3'], '6_SS': ['O2', 'C3', 'F8', 'F3', 'Cz', 'Fp1', 'P3'], '6_LOFT': ['O2', 'F4', 'Fp2', 'C3', 'F3', 'Cz', 'P3'], '9_CA': ['O2', 'F8', 'F7', 'Cz', 'T3', 'Fp1'], '9_DA': ['F8', 'O2', 'T4'], '9_SS': ['Fp1', 'O2', 'T4', 'T3'], '9_LOFT': ['T6', 'O2', 'F3', 'Cz', 'Fp1', 'C4', 'P3'], '10_CA': ['T6', 'T5', 'P4', 'O2'], '10_DA': ['T6', 'Fp1', 'T5', 'Fp2'], '10_SS': ['T6', 'O2', 'Fp2', 'Fp1', 'T5'], '10_LOFT': ['T6', 'O2', 'Fp2', 'Fp1', 'T5'], '11_CA': ['O1', 'O2', 'F4', 'T3', 'T5', 'T4'], '11_DA': ['F4', 'F8', 'F7', 'T3', 'T4'], '11_SS': ['T6', 'F4', 'Fp2', 'F3', 'T3', 'Fp1', 'T5', 'C4'], '11_LOFT': ['T6', 'F4', 'Fz', 'F3', 'T3', 'T5', 'Pz'], '12_CA': ['T5'], '12_DA': ['T6', 'T5', 'C4'], '12_SS': ['O2', 'F4', 'Fz', 'Fp2', 'F8', 'F7', 'C4'], '12_LOFT': ['T6', 'O2', 'F4', 'Fp1', 'P3'], '13_CA': ['F8', 'Cz', 'O2', 'Fp2'], '13_DA': ['O2', 'Fp2', 'Cz', 'POz', 'Fp1', 'T5'], '13_SS': ['O2', 'Fp2', 'Fz', 'F8', 'Cz', 'Fp1', 'T5'], '13_LOFT': ['F8', 'O2', 'Fp2', 'T5'], '14_CA': ['T6', 'O2', 'F8', 'Cz', 'Fp1', 'T4'], '14_DA': ['Fp1', 'O2', 'Fp2', 'Cz'], '14_SS': ['T6', 'O2', 'Cz', 'Fp1', 'T4'], '14_LOFT': ['T6', 'O2', 'Fp2', 'F8', 'Cz', 'Fp1', 'T4'], '17_CA': ['T6', 'O2', 'F8', 'Cz', 'T4', 'P3'], '17_DA': ['F8', 'O2', 'T6', 'T4'], '17_SS': ['T6', 'O2', 'F8', 'Cz', 'T4', 'P3', 'Pz'], '17_LOFT': ['T6', 'O2', 'Fz', 'F8', 'Cz', 'T3', 'T4', 'Pz'], '18_CA': ['O2', 'Fp2', 'Cz', 'T3', 'Fp1'], '18_DA': ['T6', 'O2', 'Fp2', 'F7', 'Cz', 'T3'], '18_SS': ['O2', 'Fp2'], '18_LOFT': ['O2', 'F3', 'POz', 'P3', 'Pz'], '19_CA': ['T6', 'O2', 'Fp2', 'T3'], '19_DA': ['Cz', 'O2'], '19_SS': ['Fp1', 'O2', 'Fp2', 'T3'], '19_LOFT': ['O2', 'Fp2', 'F3', 'T3', 'Fp1', 'Pz'], '21_CA': ['O2', 'Fz', 'Cz', 'T5', 'Pz'], '21_DA': ['O2', 'Fp2', 'Fz', 'Cz', 'Pz'], '21_SS': ['Cz', 'O2', 'Fp2'], '21_LOFT': ['O2', 'Fp2', 'Fz', 'Cz', 'Fp1', 'T5', 'Pz'], '22_CA': ['O2', 'Fp2', 'Fz', 'P3', 'Pz'], '22_DA': ['O2', 'Fp2', 'Fz', 'Fp1', 'P3', 'Pz'], '22_SS': ['O2', 'Fp2', 'Fz', 'C3', 'F3', 'Cz', 'Fp1', 'P3', 'Pz'], '22_LOFT': ['O2', 'Fp2', 'Fz', 'C3', 'F3', 'Cz', 'Fp1', 'P3', 'Pz', 'P4'], '23_CA': ['O2', 'Fp2', 'Cz', 'T3', 'Fp1'], '23_DA': ['Fp1', 'O2', 'Fp2', 'Cz'], '23_SS': ['O2', 'Fp2', 'Cz', 'Fp1', 'T5'], '23_LOFT': ['O2', 'Fp2', 'Cz', 'Fp1', 'T5', 'P3', 'P4'], '24_CA': ['Pz', 'Fp2', 'O2'], '24_DA': ['O2', 'Fp2', 'Fp1', 'T5', 'Pz'], '24_SS': ['O2', 'F8', 'T3', 'Fp1', 'T5', 'Pz'], '24_LOFT': ['O2', 'Fp2', 'F8', 'Cz', 'T3', 'Fp1', 'T5', 'T4'], '25_CA': ['O2', 'Fp2', 'F7', 'T3', 'Pz'], '25_DA': ['O2', 'F4', 'F8', 'POz', 'Pz'], '25_SS': ['Pz', 'O2'], '25_LOFT': ['T4', 'Pz', 'O2'], '26_CA': ['O2', 'Fp2', 'F8', 'Cz', 'T3', 'POz', 'T4'], '26_DA': ['T6', 'O2', 'Fp2', 'F8', 'Cz', 'T3', 'POz'], '26_SS': ['T6', 'O2', 'Fp2', 'F3', 'Cz', 'Fp1'], '26_LOFT': ['T6', 'O2', 'Fp2', 'Fz', 'T4']}
Final results saved to data/eeg_preprocess/pyprep_results.json
data read
data loaded
Setting channel interpolation method to {'eeg': 'spline'}.
Interpolating bad channels.
    Automatic origin fit: head of radius 95.7 mm
Computing interpolation matrix from 14 sensor positions
Interpolating 6 sensors
Interpolated bads for 5_CA
frequency filtered
Finished processing 5_CA. Saved to data/eeg_preprocess/interpolated_data/5/5_CA_cleaned_raw.fif
data read
data loaded
Setting channel interpolation method to {'eeg': 'spline'}.
Interpolating bad channels.
    Automatic origin fit: head of radius 95.7 mm
Computing interpolation matrix from 14 sensor positions
Interpolating 6 sensors
Interpolated bads for 5_DA
frequency filtered
Finished processing 5_DA. Saved to data/eeg_preprocess/interpolated_data/5/5_DA_cleaned_raw.fif
data read
data loaded
Setting channel interpolation method to {'eeg': 'spline'}.
Interpolating bad channels.
    Automatic origin fit: head of radius 95.7 mm
Computing interpolation matrix from 13 sensor positions
Interpolating 7 sensors
Interpolated bads for 5_SS
frequency filtered
Finished processing 5_SS. Saved to data/eeg_preprocess/interpolated_data/5/5_SS_cleaned_raw.fif
data read
data loaded
Setting channel interpolation method to {'eeg': 'spline'}.
Interpolating bad channels.
    Automatic origin fit: head of radius 95.7 mm
Computing interpolation matrix from 12 sensor positions
Interpolating 8 sensors
Interpolated bads for 5_LOFT
frequency filtered
Finished processing 5_LOFT. Saved to data/eeg_preprocess/interpolated_data/5/5_LOFT_cleaned_raw.fif
data read
data loaded
Setting channel interpolation method to {'eeg': 'spline'}.
Interpolating bad channels.
    Automatic origin fit: head of radius 95.7 mm
Computing interpolation matrix from 14 sensor positions
Interpolating 6 sensors
Interpolated bads for 6_CA
frequency filtered
Finished processing 6_CA. Saved to data/eeg_preprocess/interpolated_data/6/6_CA_cleaned_raw.fif
data read
data loaded
Setting channel interpolation method to {'eeg': 'spline'}.
Interpolating bad channels.
    Automatic origin fit: head of radius 95.7 mm
Computing interpolation matrix from 13 sensor positions
Interpolating 7 sensors
Interpolated bads for 6_DA
frequency filtered
Finished processing 6_DA. Saved to data/eeg_preprocess/interpolated_data/6/6_DA_cleaned_raw.fif
data read
data loaded
Setting channel interpolation method to {'eeg': 'spline'}.
Interpolating bad channels.
    Automatic origin fit: head of radius 95.7 mm
Computing interpolation matrix from 13 sensor positions
Interpolating 7 sensors
Interpolated bads for 6_SS
frequency filtered
Finished processing 6_SS. Saved to data/eeg_preprocess/interpolated_data/6/6_SS_cleaned_raw.fif
data read
data loaded
Setting channel interpolation method to {'eeg': 'spline'}.
Interpolating bad channels.
    Automatic origin fit: head of radius 95.7 mm
Computing interpolation matrix from 13 sensor positions
Interpolating 7 sensors
Interpolated bads for 6_LOFT
frequency filtered
Finished processing 6_LOFT. Saved to data/eeg_preprocess/interpolated_data/6/6_LOFT_cleaned_raw.fif
data read
data loaded
Setting channel interpolation method to {'eeg': 'spline'}.
Interpolating bad channels.
    Automatic origin fit: head of radius 95.7 mm
Computing interpolation matrix from 14 sensor positions
Interpolating 6 sensors
Interpolated bads for 9_CA
frequency filtered
Finished processing 9_CA. Saved to data/eeg_preprocess/interpolated_data/9/9_CA_cleaned_raw.fif
data read
data loaded
Setting channel interpolation method to {'eeg': 'spline'}.
Interpolating bad channels.
    Automatic origin fit: head of radius 95.7 mm
Computing interpolation matrix from 17 sensor positions
Interpolating 3 sensors
Interpolated bads for 9_DA
frequency filtered
Finished processing 9_DA. Saved to data/eeg_preprocess/interpolated_data/9/9_DA_cleaned_raw.fif
data read
data loaded
Setting channel interpolation method to {'eeg': 'spline'}.
Interpolating bad channels.
    Automatic origin fit: head of radius 95.7 mm
Computing interpolation matrix from 16 sensor positions
Interpolating 4 sensors
Interpolated bads for 9_SS
frequency filtered
Finished processing 9_SS. Saved to data/eeg_preprocess/interpolated_data/9/9_SS_cleaned_raw.fif
data read
data loaded
Setting channel interpolation method to {'eeg': 'spline'}.
Interpolating bad channels.
    Automatic origin fit: head of radius 95.7 mm
Computing interpolation matrix from 13 sensor positions
Interpolating 7 sensors
Interpolated bads for 9_LOFT
frequency filtered
Finished processing 9_LOFT. Saved to data/eeg_preprocess/interpolated_data/9/9_LOFT_cleaned_raw.fif
data read
data loaded
Setting channel interpolation method to {'eeg': 'spline'}.
Interpolating bad channels.
    Automatic origin fit: head of radius 95.7 mm
Computing interpolation matrix from 16 sensor positions
Interpolating 4 sensors
Interpolated bads for 10_CA
frequency filtered
Finished processing 10_CA. Saved to data/eeg_preprocess/interpolated_data/10/10_CA_cleaned_raw.fif
data read
data loaded
Setting channel interpolation method to {'eeg': 'spline'}.
Interpolating bad channels.
    Automatic origin fit: head of radius 95.7 mm
Computing interpolation matrix from 16 sensor positions
Interpolating 4 sensors
Interpolated bads for 10_DA
frequency filtered
Finished processing 10_DA. Saved to data/eeg_preprocess/interpolated_data/10/10_DA_cleaned_raw.fif
data read
data loaded
Setting channel interpolation method to {'eeg': 'spline'}.
Interpolating bad channels.
    Automatic origin fit: head of radius 95.7 mm
Computing interpolation matrix from 15 sensor positions
Interpolating 5 sensors
Interpolated bads for 10_SS
frequency filtered
Finished processing 10_SS. Saved to data/eeg_preprocess/interpolated_data/10/10_SS_cleaned_raw.fif
data read
data loaded
Setting channel interpolation method to {'eeg': 'spline'}.
Interpolating bad channels.
    Automatic origin fit: head of radius 95.7 mm
Computing interpolation matrix from 15 sensor positions
Interpolating 5 sensors
Interpolated bads for 10_LOFT
frequency filtered
Finished processing 10_LOFT. Saved to data/eeg_preprocess/interpolated_data/10/10_LOFT_cleaned_raw.fif
data read
data loaded
Setting channel interpolation method to {'eeg': 'spline'}.
Interpolating bad channels.
    Automatic origin fit: head of radius 95.7 mm
Computing interpolation matrix from 14 sensor positions
Interpolating 6 sensors
Interpolated bads for 11_CA
frequency filtered
Finished processing 11_CA. Saved to data/eeg_preprocess/interpolated_data/11/11_CA_cleaned_raw.fif
data read
data loaded
Setting channel interpolation method to {'eeg': 'spline'}.
Interpolating bad channels.
    Automatic origin fit: head of radius 95.7 mm
Computing interpolation matrix from 15 sensor positions
Interpolating 5 sensors
Interpolated bads for 11_DA
frequency filtered
Finished processing 11_DA. Saved to data/eeg_preprocess/interpolated_data/11/11_DA_cleaned_raw.fif
data read
data loaded
Setting channel interpolation method to {'eeg': 'spline'}.
Interpolating bad channels.
    Automatic origin fit: head of radius 95.7 mm
Computing interpolation matrix from 12 sensor positions
Interpolating 8 sensors
Interpolated bads for 11_SS
frequency filtered
Finished processing 11_SS. Saved to data/eeg_preprocess/interpolated_data/11/11_SS_cleaned_raw.fif
data read
data loaded
Setting channel interpolation method to {'eeg': 'spline'}.
Interpolating bad channels.
    Automatic origin fit: head of radius 95.7 mm
Computing interpolation matrix from 13 sensor positions
Interpolating 7 sensors
Interpolated bads for 11_LOFT
frequency filtered
Finished processing 11_LOFT. Saved to data/eeg_preprocess/interpolated_data/11/11_LOFT_cleaned_raw.fif
data read
data loaded
Setting channel interpolation method to {'eeg': 'spline'}.
Interpolating bad channels.
    Automatic origin fit: head of radius 95.7 mm
Computing interpolation matrix from 19 sensor positions
Interpolating 1 sensors
Interpolated bads for 12_CA
frequency filtered
Finished processing 12_CA. Saved to data/eeg_preprocess/interpolated_data/12/12_CA_cleaned_raw.fif
data read
data loaded
Setting channel interpolation method to {'eeg': 'spline'}.
Interpolating bad channels.
    Automatic origin fit: head of radius 95.7 mm
Computing interpolation matrix from 17 sensor positions
Interpolating 3 sensors
Interpolated bads for 12_DA
frequency filtered
Finished processing 12_DA. Saved to data/eeg_preprocess/interpolated_data/12/12_DA_cleaned_raw.fif
data read
data loaded
Setting channel interpolation method to {'eeg': 'spline'}.
Interpolating bad channels.
    Automatic origin fit: head of radius 95.7 mm
Computing interpolation matrix from 13 sensor positions
Interpolating 7 sensors
Interpolated bads for 12_SS
frequency filtered
Finished processing 12_SS. Saved to data/eeg_preprocess/interpolated_data/12/12_SS_cleaned_raw.fif
data read
data loaded
Setting channel interpolation method to {'eeg': 'spline'}.
Interpolating bad channels.
    Automatic origin fit: head of radius 95.7 mm
Computing interpolation matrix from 15 sensor positions
Interpolating 5 sensors
Interpolated bads for 12_LOFT
frequency filtered
Finished processing 12_LOFT. Saved to data/eeg_preprocess/interpolated_data/12/12_LOFT_cleaned_raw.fif
data read
data loaded
Setting channel interpolation method to {'eeg': 'spline'}.
Interpolating bad channels.
    Automatic origin fit: head of radius 95.7 mm
Computing interpolation matrix from 16 sensor positions
Interpolating 4 sensors
Interpolated bads for 13_CA
frequency filtered
Finished processing 13_CA. Saved to data/eeg_preprocess/interpolated_data/13/13_CA_cleaned_raw.fif
data read
data loaded
Setting channel interpolation method to {'eeg': 'spline'}.
Interpolating bad channels.
    Automatic origin fit: head of radius 95.7 mm
Computing interpolation matrix from 14 sensor positions
Interpolating 6 sensors
Interpolated bads for 13_DA
frequency filtered
Finished processing 13_DA. Saved to data/eeg_preprocess/interpolated_data/13/13_DA_cleaned_raw.fif
data read
data loaded
Setting channel interpolation method to {'eeg': 'spline'}.
Interpolating bad channels.
    Automatic origin fit: head of radius 95.7 mm
Computing interpolation matrix from 13 sensor positions
Interpolating 7 sensors
Interpolated bads for 13_SS
frequency filtered
Finished processing 13_SS. Saved to data/eeg_preprocess/interpolated_data/13/13_SS_cleaned_raw.fif
data read
data loaded
Setting channel interpolation method to {'eeg': 'spline'}.
Interpolating bad channels.
    Automatic origin fit: head of radius 95.7 mm
Computing interpolation matrix from 16 sensor positions
Interpolating 4 sensors
Interpolated bads for 13_LOFT
frequency filtered
Finished processing 13_LOFT. Saved to data/eeg_preprocess/interpolated_data/13/13_LOFT_cleaned_raw.fif
data read
data loaded
Setting channel interpolation method to {'eeg': 'spline'}.
Interpolating bad channels.
    Automatic origin fit: head of radius 95.7 mm
Computing interpolation matrix from 14 sensor positions
Interpolating 6 sensors
Interpolated bads for 14_CA
frequency filtered
Finished processing 14_CA. Saved to data/eeg_preprocess/interpolated_data/14/14_CA_cleaned_raw.fif
data read
data loaded
Setting channel interpolation method to {'eeg': 'spline'}.
Interpolating bad channels.
    Automatic origin fit: head of radius 95.7 mm
Computing interpolation matrix from 16 sensor positions
Interpolating 4 sensors
Interpolated bads for 14_DA
frequency filtered
Finished processing 14_DA. Saved to data/eeg_preprocess/interpolated_data/14/14_DA_cleaned_raw.fif
data read
data loaded
Setting channel interpolation method to {'eeg': 'spline'}.
Interpolating bad channels.
    Automatic origin fit: head of radius 95.7 mm
Computing interpolation matrix from 15 sensor positions
Interpolating 5 sensors
Interpolated bads for 14_SS
frequency filtered
Finished processing 14_SS. Saved to data/eeg_preprocess/interpolated_data/14/14_SS_cleaned_raw.fif
data read
data loaded
Setting channel interpolation method to {'eeg': 'spline'}.
Interpolating bad channels.
    Automatic origin fit: head of radius 95.7 mm
Computing interpolation matrix from 13 sensor positions
Interpolating 7 sensors
Interpolated bads for 14_LOFT
frequency filtered
Finished processing 14_LOFT. Saved to data/eeg_preprocess/interpolated_data/14/14_LOFT_cleaned_raw.fif
data read
data loaded
Setting channel interpolation method to {'eeg': 'spline'}.
Interpolating bad channels.
    Automatic origin fit: head of radius 95.7 mm
Computing interpolation matrix from 14 sensor positions
Interpolating 6 sensors
Interpolated bads for 17_CA
frequency filtered
Finished processing 17_CA. Saved to data/eeg_preprocess/interpolated_data/17/17_CA_cleaned_raw.fif
data read
data loaded
Setting channel interpolation method to {'eeg': 'spline'}.
Interpolating bad channels.
    Automatic origin fit: head of radius 95.7 mm
Computing interpolation matrix from 16 sensor positions
Interpolating 4 sensors
Interpolated bads for 17_DA
frequency filtered
Finished processing 17_DA. Saved to data/eeg_preprocess/interpolated_data/17/17_DA_cleaned_raw.fif
data read
data loaded
Setting channel interpolation method to {'eeg': 'spline'}.
Interpolating bad channels.
    Automatic origin fit: head of radius 95.7 mm
Computing interpolation matrix from 13 sensor positions
Interpolating 7 sensors
Interpolated bads for 17_SS
frequency filtered
Finished processing 17_SS. Saved to data/eeg_preprocess/interpolated_data/17/17_SS_cleaned_raw.fif
data read
data loaded
Setting channel interpolation method to {'eeg': 'spline'}.
Interpolating bad channels.
    Automatic origin fit: head of radius 95.7 mm
Computing interpolation matrix from 12 sensor positions
Interpolating 8 sensors
Interpolated bads for 17_LOFT
frequency filtered
Finished processing 17_LOFT. Saved to data/eeg_preprocess/interpolated_data/17/17_LOFT_cleaned_raw.fif
data read
data loaded
Setting channel interpolation method to {'eeg': 'spline'}.
Interpolating bad channels.
    Automatic origin fit: head of radius 95.7 mm
Computing interpolation matrix from 15 sensor positions
Interpolating 5 sensors
Interpolated bads for 18_CA
frequency filtered
Finished processing 18_CA. Saved to data/eeg_preprocess/interpolated_data/18/18_CA_cleaned_raw.fif
data read
data loaded
Setting channel interpolation method to {'eeg': 'spline'}.
Interpolating bad channels.
    Automatic origin fit: head of radius 95.7 mm
Computing interpolation matrix from 14 sensor positions
Interpolating 6 sensors
Interpolated bads for 18_DA
frequency filtered
Finished processing 18_DA. Saved to data/eeg_preprocess/interpolated_data/18/18_DA_cleaned_raw.fif
data read
data loaded
Setting channel interpolation method to {'eeg': 'spline'}.
Interpolating bad channels.
    Automatic origin fit: head of radius 95.7 mm
Computing interpolation matrix from 18 sensor positions
Interpolating 2 sensors
Interpolated bads for 18_SS
frequency filtered
Finished processing 18_SS. Saved to data/eeg_preprocess/interpolated_data/18/18_SS_cleaned_raw.fif
data read
data loaded
Setting channel interpolation method to {'eeg': 'spline'}.
Interpolating bad channels.
    Automatic origin fit: head of radius 95.7 mm
Computing interpolation matrix from 15 sensor positions
Interpolating 5 sensors
Interpolated bads for 18_LOFT
frequency filtered
Finished processing 18_LOFT. Saved to data/eeg_preprocess/interpolated_data/18/18_LOFT_cleaned_raw.fif
data read
data loaded
Setting channel interpolation method to {'eeg': 'spline'}.
Interpolating bad channels.
    Automatic origin fit: head of radius 95.7 mm
Computing interpolation matrix from 16 sensor positions
Interpolating 4 sensors
Interpolated bads for 19_CA
frequency filtered
Finished processing 19_CA. Saved to data/eeg_preprocess/interpolated_data/19/19_CA_cleaned_raw.fif
data read
data loaded
Setting channel interpolation method to {'eeg': 'spline'}.
Interpolating bad channels.
    Automatic origin fit: head of radius 95.7 mm
Computing interpolation matrix from 18 sensor positions
Interpolating 2 sensors
Interpolated bads for 19_DA
frequency filtered
Finished processing 19_DA. Saved to data/eeg_preprocess/interpolated_data/19/19_DA_cleaned_raw.fif
data read
data loaded
Setting channel interpolation method to {'eeg': 'spline'}.
Interpolating bad channels.
    Automatic origin fit: head of radius 95.7 mm
Computing interpolation matrix from 16 sensor positions
Interpolating 4 sensors
Interpolated bads for 19_SS
frequency filtered
Finished processing 19_SS. Saved to data/eeg_preprocess/interpolated_data/19/19_SS_cleaned_raw.fif
data read
data loaded
Setting channel interpolation method to {'eeg': 'spline'}.
Interpolating bad channels.
    Automatic origin fit: head of radius 95.7 mm
Computing interpolation matrix from 14 sensor positions
Interpolating 6 sensors
Interpolated bads for 19_LOFT
frequency filtered
Finished processing 19_LOFT. Saved to data/eeg_preprocess/interpolated_data/19/19_LOFT_cleaned_raw.fif
data read
data loaded
Setting channel interpolation method to {'eeg': 'spline'}.
Interpolating bad channels.
    Automatic origin fit: head of radius 95.7 mm
Computing interpolation matrix from 15 sensor positions
Interpolating 5 sensors
Interpolated bads for 21_CA
frequency filtered
Finished processing 21_CA. Saved to data/eeg_preprocess/interpolated_data/21/21_CA_cleaned_raw.fif
data read
data loaded
Setting channel interpolation method to {'eeg': 'spline'}.
Interpolating bad channels.
    Automatic origin fit: head of radius 95.7 mm
Computing interpolation matrix from 15 sensor positions
Interpolating 5 sensors
Interpolated bads for 21_DA
frequency filtered
Finished processing 21_DA. Saved to data/eeg_preprocess/interpolated_data/21/21_DA_cleaned_raw.fif
data read
data loaded
Setting channel interpolation method to {'eeg': 'spline'}.
Interpolating bad channels.
    Automatic origin fit: head of radius 95.7 mm
Computing interpolation matrix from 17 sensor positions
Interpolating 3 sensors
Interpolated bads for 21_SS
frequency filtered
Finished processing 21_SS. Saved to data/eeg_preprocess/interpolated_data/21/21_SS_cleaned_raw.fif
data read
data loaded
Setting channel interpolation method to {'eeg': 'spline'}.
Interpolating bad channels.
    Automatic origin fit: head of radius 95.7 mm
Computing interpolation matrix from 13 sensor positions
Interpolating 7 sensors
Interpolated bads for 21_LOFT
frequency filtered
Finished processing 21_LOFT. Saved to data/eeg_preprocess/interpolated_data/21/21_LOFT_cleaned_raw.fif
data read
data loaded
Setting channel interpolation method to {'eeg': 'spline'}.
Interpolating bad channels.
    Automatic origin fit: head of radius 95.7 mm
Computing interpolation matrix from 15 sensor positions
Interpolating 5 sensors
Interpolated bads for 22_CA
frequency filtered
Finished processing 22_CA. Saved to data/eeg_preprocess/interpolated_data/22/22_CA_cleaned_raw.fif
data read
data loaded
Setting channel interpolation method to {'eeg': 'spline'}.
Interpolating bad channels.
    Automatic origin fit: head of radius 95.7 mm
Computing interpolation matrix from 14 sensor positions
Interpolating 6 sensors
Interpolated bads for 22_DA
frequency filtered
Finished processing 22_DA. Saved to data/eeg_preprocess/interpolated_data/22/22_DA_cleaned_raw.fif
data read
data loaded
Setting channel interpolation method to {'eeg': 'spline'}.
Interpolating bad channels.
    Automatic origin fit: head of radius 95.7 mm
Computing interpolation matrix from 11 sensor positions
Interpolating 9 sensors
Interpolated bads for 22_SS
frequency filtered
Finished processing 22_SS. Saved to data/eeg_preprocess/interpolated_data/22/22_SS_cleaned_raw.fif
data read
data loaded
Setting channel interpolation method to {'eeg': 'spline'}.
Interpolating bad channels.
    Automatic origin fit: head of radius 95.7 mm
Computing interpolation matrix from 10 sensor positions
Interpolating 10 sensors
Interpolated bads for 22_LOFT
frequency filtered
Finished processing 22_LOFT. Saved to data/eeg_preprocess/interpolated_data/22/22_LOFT_cleaned_raw.fif
data read
data loaded
Setting channel interpolation method to {'eeg': 'spline'}.
Interpolating bad channels.
    Automatic origin fit: head of radius 95.7 mm
Computing interpolation matrix from 15 sensor positions
Interpolating 5 sensors
Interpolated bads for 23_CA
frequency filtered
Finished processing 23_CA. Saved to data/eeg_preprocess/interpolated_data/23/23_CA_cleaned_raw.fif
data read
data loaded
Setting channel interpolation method to {'eeg': 'spline'}.
Interpolating bad channels.
    Automatic origin fit: head of radius 95.7 mm
Computing interpolation matrix from 16 sensor positions
Interpolating 4 sensors
Interpolated bads for 23_DA
frequency filtered
Finished processing 23_DA. Saved to data/eeg_preprocess/interpolated_data/23/23_DA_cleaned_raw.fif
data read
data loaded
Setting channel interpolation method to {'eeg': 'spline'}.
Interpolating bad channels.
    Automatic origin fit: head of radius 95.7 mm
Computing interpolation matrix from 15 sensor positions
Interpolating 5 sensors
Interpolated bads for 23_SS
frequency filtered
Finished processing 23_SS. Saved to data/eeg_preprocess/interpolated_data/23/23_SS_cleaned_raw.fif
data read
data loaded
Setting channel interpolation method to {'eeg': 'spline'}.
Interpolating bad channels.
    Automatic origin fit: head of radius 95.7 mm
Computing interpolation matrix from 13 sensor positions
Interpolating 7 sensors
Interpolated bads for 23_LOFT
frequency filtered
Finished processing 23_LOFT. Saved to data/eeg_preprocess/interpolated_data/23/23_LOFT_cleaned_raw.fif
data read
data loaded
Setting channel interpolation method to {'eeg': 'spline'}.
Interpolating bad channels.
    Automatic origin fit: head of radius 95.7 mm
Computing interpolation matrix from 17 sensor positions
Interpolating 3 sensors
Interpolated bads for 24_CA
frequency filtered
Finished processing 24_CA. Saved to data/eeg_preprocess/interpolated_data/24/24_CA_cleaned_raw.fif
data read
data loaded
Setting channel interpolation method to {'eeg': 'spline'}.
Interpolating bad channels.
    Automatic origin fit: head of radius 95.7 mm
Computing interpolation matrix from 15 sensor positions
Interpolating 5 sensors
Interpolated bads for 24_DA
frequency filtered
Finished processing 24_DA. Saved to data/eeg_preprocess/interpolated_data/24/24_DA_cleaned_raw.fif
data read
data loaded
Setting channel interpolation method to {'eeg': 'spline'}.
Interpolating bad channels.
    Automatic origin fit: head of radius 95.7 mm
Computing interpolation matrix from 14 sensor positions
Interpolating 6 sensors
Interpolated bads for 24_SS
frequency filtered
Finished processing 24_SS. Saved to data/eeg_preprocess/interpolated_data/24/24_SS_cleaned_raw.fif
data read
data loaded
Setting channel interpolation method to {'eeg': 'spline'}.
Interpolating bad channels.
    Automatic origin fit: head of radius 95.7 mm
Computing interpolation matrix from 12 sensor positions
Interpolating 8 sensors
Interpolated bads for 24_LOFT
frequency filtered
Finished processing 24_LOFT. Saved to data/eeg_preprocess/interpolated_data/24/24_LOFT_cleaned_raw.fif
data read
data loaded
Setting channel interpolation method to {'eeg': 'spline'}.
Interpolating bad channels.
    Automatic origin fit: head of radius 95.7 mm
Computing interpolation matrix from 15 sensor positions
Interpolating 5 sensors
Interpolated bads for 25_CA
frequency filtered
Finished processing 25_CA. Saved to data/eeg_preprocess/interpolated_data/25/25_CA_cleaned_raw.fif
data read
data loaded
Setting channel interpolation method to {'eeg': 'spline'}.
Interpolating bad channels.
    Automatic origin fit: head of radius 95.7 mm
Computing interpolation matrix from 15 sensor positions
Interpolating 5 sensors
Interpolated bads for 25_DA
frequency filtered
Finished processing 25_DA. Saved to data/eeg_preprocess/interpolated_data/25/25_DA_cleaned_raw.fif
data read
data loaded
Setting channel interpolation method to {'eeg': 'spline'}.
Interpolating bad channels.
    Automatic origin fit: head of radius 95.7 mm
Computing interpolation matrix from 18 sensor positions
Interpolating 2 sensors
Interpolated bads for 25_SS
frequency filtered
Finished processing 25_SS. Saved to data/eeg_preprocess/interpolated_data/25/25_SS_cleaned_raw.fif
data read
data loaded
Setting channel interpolation method to {'eeg': 'spline'}.
Interpolating bad channels.
    Automatic origin fit: head of radius 95.7 mm
Computing interpolation matrix from 17 sensor positions
Interpolating 3 sensors
Interpolated bads for 25_LOFT
frequency filtered
Finished processing 25_LOFT. Saved to data/eeg_preprocess/interpolated_data/25/25_LOFT_cleaned_raw.fif
data read
data loaded
Setting channel interpolation method to {'eeg': 'spline'}.
Interpolating bad channels.
    Automatic origin fit: head of radius 95.7 mm
Computing interpolation matrix from 13 sensor positions
Interpolating 7 sensors
Interpolated bads for 26_CA
frequency filtered
Finished processing 26_CA. Saved to data/eeg_preprocess/interpolated_data/26/26_CA_cleaned_raw.fif
data read
data loaded
Setting channel interpolation method to {'eeg': 'spline'}.
Interpolating bad channels.
    Automatic origin fit: head of radius 95.7 mm
Computing interpolation matrix from 13 sensor positions
Interpolating 7 sensors
Interpolated bads for 26_DA
frequency filtered
Finished processing 26_DA. Saved to data/eeg_preprocess/interpolated_data/26/26_DA_cleaned_raw.fif
data read
data loaded
Setting channel interpolation method to {'eeg': 'spline'}.
Interpolating bad channels.
    Automatic origin fit: head of radius 95.7 mm
Computing interpolation matrix from 14 sensor positions
Interpolating 6 sensors
Interpolated bads for 26_SS
frequency filtered
Finished processing 26_SS. Saved to data/eeg_preprocess/interpolated_data/26/26_SS_cleaned_raw.fif
data read
data loaded
Setting channel interpolation method to {'eeg': 'spline'}.
Interpolating bad channels.
    Automatic origin fit: head of radius 95.7 mm
Computing interpolation matrix from 15 sensor positions
Interpolating 5 sensors
Interpolated bads for 26_LOFT
frequency filtered
Finished processing 26_LOFT. Saved to data/eeg_preprocess/interpolated_data/26/26_LOFT_cleaned_raw.fif

All files have been cleaned and saved as .fif files.
data loaded
Processed 5_CA: Excluded 0 artifact components. Saved to data/eeg_preprocess/ica_data/5/5_CA_ica_raw.fif
data loaded
Processed 5_DA: Excluded 0 artifact components. Saved to data/eeg_preprocess/ica_data/5/5_DA_ica_raw.fif
data loaded
Processed 5_SS: Excluded 0 artifact components. Saved to data/eeg_preprocess/ica_data/5/5_SS_ica_raw.fif
data loaded
Processed 5_LOFT: Excluded 0 artifact components. Saved to data/eeg_preprocess/ica_data/5/5_LOFT_ica_raw.fif
data loaded
Processed 6_CA: Excluded 0 artifact components. Saved to data/eeg_preprocess/ica_data/6/6_CA_ica_raw.fif
data loaded
Processed 6_DA: Excluded 0 artifact components. Saved to data/eeg_preprocess/ica_data/6/6_DA_ica_raw.fif
data loaded
Processed 6_SS: Excluded 0 artifact components. Saved to data/eeg_preprocess/ica_data/6/6_SS_ica_raw.fif
data loaded
Processed 6_LOFT: Excluded 0 artifact components. Saved to data/eeg_preprocess/ica_data/6/6_LOFT_ica_raw.fif
data loaded
Processed 9_CA: Excluded 0 artifact components. Saved to data/eeg_preprocess/ica_data/9/9_CA_ica_raw.fif
data loaded
Processed 9_DA: Excluded 0 artifact components. Saved to data/eeg_preprocess/ica_data/9/9_DA_ica_raw.fif
data loaded
Processed 9_SS: Excluded 0 artifact components. Saved to data/eeg_preprocess/ica_data/9/9_SS_ica_raw.fif
data loaded
Processed 9_LOFT: Excluded 0 artifact components. Saved to data/eeg_preprocess/ica_data/9/9_LOFT_ica_raw.fif
data loaded
Processed 10_CA: Excluded 0 artifact components. Saved to data/eeg_preprocess/ica_data/10/10_CA_ica_raw.fif
data loaded
Processed 10_DA: Excluded 0 artifact components. Saved to data/eeg_preprocess/ica_data/10/10_DA_ica_raw.fif
data loaded
Processed 10_SS: Excluded 0 artifact components. Saved to data/eeg_preprocess/ica_data/10/10_SS_ica_raw.fif
data loaded
Processed 10_LOFT: Excluded 0 artifact components. Saved to data/eeg_preprocess/ica_data/10/10_LOFT_ica_raw.fif
data loaded
Processed 11_CA: Excluded 0 artifact components. Saved to data/eeg_preprocess/ica_data/11/11_CA_ica_raw.fif
data loaded
Processed 11_DA: Excluded 0 artifact components. Saved to data/eeg_preprocess/ica_data/11/11_DA_ica_raw.fif
data loaded
Processed 11_SS: Excluded 0 artifact components. Saved to data/eeg_preprocess/ica_data/11/11_SS_ica_raw.fif
data loaded
Processed 11_LOFT: Excluded 0 artifact components. Saved to data/eeg_preprocess/ica_data/11/11_LOFT_ica_raw.fif
data loaded
Processed 12_CA: Excluded 0 artifact components. Saved to data/eeg_preprocess/ica_data/12/12_CA_ica_raw.fif
data loaded
Processed 12_DA: Excluded 0 artifact components. Saved to data/eeg_preprocess/ica_data/12/12_DA_ica_raw.fif
data loaded
Processed 12_SS: Excluded 0 artifact components. Saved to data/eeg_preprocess/ica_data/12/12_SS_ica_raw.fif
data loaded
Processed 12_LOFT: Excluded 0 artifact components. Saved to data/eeg_preprocess/ica_data/12/12_LOFT_ica_raw.fif
data loaded
Processed 13_CA: Excluded 0 artifact components. Saved to data/eeg_preprocess/ica_data/13/13_CA_ica_raw.fif
data loaded
Processed 13_DA: Excluded 0 artifact components. Saved to data/eeg_preprocess/ica_data/13/13_DA_ica_raw.fif
data loaded
Processed 13_SS: Excluded 0 artifact components. Saved to data/eeg_preprocess/ica_data/13/13_SS_ica_raw.fif
data loaded
Processed 13_LOFT: Excluded 0 artifact components. Saved to data/eeg_preprocess/ica_data/13/13_LOFT_ica_raw.fif
data loaded
Processed 14_CA: Excluded 0 artifact components. Saved to data/eeg_preprocess/ica_data/14/14_CA_ica_raw.fif
data loaded
Processed 14_DA: Excluded 0 artifact components. Saved to data/eeg_preprocess/ica_data/14/14_DA_ica_raw.fif
data loaded
Processed 14_SS: Excluded 0 artifact components. Saved to data/eeg_preprocess/ica_data/14/14_SS_ica_raw.fif
data loaded
Processed 14_LOFT: Excluded 0 artifact components. Saved to data/eeg_preprocess/ica_data/14/14_LOFT_ica_raw.fif
data loaded
Processed 17_CA: Excluded 0 artifact components. Saved to data/eeg_preprocess/ica_data/17/17_CA_ica_raw.fif
data loaded
Processed 17_DA: Excluded 0 artifact components. Saved to data/eeg_preprocess/ica_data/17/17_DA_ica_raw.fif
data loaded
Processed 17_SS: Excluded 0 artifact components. Saved to data/eeg_preprocess/ica_data/17/17_SS_ica_raw.fif
data loaded
Processed 17_LOFT: Excluded 0 artifact components. Saved to data/eeg_preprocess/ica_data/17/17_LOFT_ica_raw.fif
data loaded
Processed 18_CA: Excluded 0 artifact components. Saved to data/eeg_preprocess/ica_data/18/18_CA_ica_raw.fif
data loaded
Processed 18_DA: Excluded 0 artifact components. Saved to data/eeg_preprocess/ica_data/18/18_DA_ica_raw.fif
data loaded
Processed 18_SS: Excluded 0 artifact components. Saved to data/eeg_preprocess/ica_data/18/18_SS_ica_raw.fif
data loaded
Processed 18_LOFT: Excluded 0 artifact components. Saved to data/eeg_preprocess/ica_data/18/18_LOFT_ica_raw.fif
data loaded
Processed 19_CA: Excluded 0 artifact components. Saved to data/eeg_preprocess/ica_data/19/19_CA_ica_raw.fif
data loaded
Processed 19_DA: Excluded 0 artifact components. Saved to data/eeg_preprocess/ica_data/19/19_DA_ica_raw.fif
data loaded
Processed 19_SS: Excluded 0 artifact components. Saved to data/eeg_preprocess/ica_data/19/19_SS_ica_raw.fif
data loaded
Processed 19_LOFT: Excluded 0 artifact components. Saved to data/eeg_preprocess/ica_data/19/19_LOFT_ica_raw.fif
data loaded
Processed 21_CA: Excluded 0 artifact components. Saved to data/eeg_preprocess/ica_data/21/21_CA_ica_raw.fif
data loaded
Processed 21_DA: Excluded 0 artifact components. Saved to data/eeg_preprocess/ica_data/21/21_DA_ica_raw.fif
data loaded
Processed 21_SS: Excluded 0 artifact components. Saved to data/eeg_preprocess/ica_data/21/21_SS_ica_raw.fif
data loaded
Processed 21_LOFT: Excluded 0 artifact components. Saved to data/eeg_preprocess/ica_data/21/21_LOFT_ica_raw.fif
data loaded
Processed 22_CA: Excluded 0 artifact components. Saved to data/eeg_preprocess/ica_data/22/22_CA_ica_raw.fif
data loaded
Processed 22_DA: Excluded 0 artifact components. Saved to data/eeg_preprocess/ica_data/22/22_DA_ica_raw.fif
data loaded
Processed 22_SS: Excluded 0 artifact components. Saved to data/eeg_preprocess/ica_data/22/22_SS_ica_raw.fif
data loaded
Processed 22_LOFT: Excluded 0 artifact components. Saved to data/eeg_preprocess/ica_data/22/22_LOFT_ica_raw.fif
data loaded
Processed 23_CA: Excluded 0 artifact components. Saved to data/eeg_preprocess/ica_data/23/23_CA_ica_raw.fif
data loaded
Processed 23_DA: Excluded 0 artifact components. Saved to data/eeg_preprocess/ica_data/23/23_DA_ica_raw.fif
data loaded
Processed 23_SS: Excluded 0 artifact components. Saved to data/eeg_preprocess/ica_data/23/23_SS_ica_raw.fif
data loaded
Processed 23_LOFT: Excluded 0 artifact components. Saved to data/eeg_preprocess/ica_data/23/23_LOFT_ica_raw.fif
data loaded
Processed 24_CA: Excluded 0 artifact components. Saved to data/eeg_preprocess/ica_data/24/24_CA_ica_raw.fif
data loaded
Processed 24_DA: Excluded 0 artifact components. Saved to data/eeg_preprocess/ica_data/24/24_DA_ica_raw.fif
data loaded
Processed 24_SS: Excluded 0 artifact components. Saved to data/eeg_preprocess/ica_data/24/24_SS_ica_raw.fif
data loaded
Processed 24_LOFT: Excluded 0 artifact components. Saved to data/eeg_preprocess/ica_data/24/24_LOFT_ica_raw.fif
data loaded
Processed 25_CA: Excluded 0 artifact components. Saved to data/eeg_preprocess/ica_data/25/25_CA_ica_raw.fif
data loaded
Processed 25_DA: Excluded 0 artifact components. Saved to data/eeg_preprocess/ica_data/25/25_DA_ica_raw.fif
data loaded
Processed 25_SS: Excluded 0 artifact components. Saved to data/eeg_preprocess/ica_data/25/25_SS_ica_raw.fif
data loaded
Processed 25_LOFT: Excluded 0 artifact components. Saved to data/eeg_preprocess/ica_data/25/25_LOFT_ica_raw.fif
data loaded
Processed 26_CA: Excluded 0 artifact components. Saved to data/eeg_preprocess/ica_data/26/26_CA_ica_raw.fif
data loaded
Processed 26_DA: Excluded 0 artifact components. Saved to data/eeg_preprocess/ica_data/26/26_DA_ica_raw.fif
data loaded
Processed 26_SS: Excluded 0 artifact components. Saved to data/eeg_preprocess/ica_data/26/26_SS_ica_raw.fif
data loaded
Processed 26_LOFT: Excluded 0 artifact components. Saved to data/eeg_preprocess/ica_data/26/26_LOFT_ica_raw.fif
ICA Cleaning Complete.
data loaded
[5_CA] Created 358 labeled epochs.
data loaded
[5_DA] Created 358 labeled epochs.
data loaded
[5_SS] Created 153 labeled epochs.
data loaded
[5_LOFT] Created 4052 labeled epochs.
data loaded
[6_CA] Created 359 labeled epochs.
data loaded
[6_DA] Created 358 labeled epochs.
data loaded
[6_SS] Created 153 labeled epochs.
data loaded
[6_LOFT] Created 4052 labeled epochs.
data loaded
[9_CA] Created 358 labeled epochs.
data loaded
[9_DA] Created 359 labeled epochs.
data loaded
[9_SS] Created 358 labeled epochs.
data loaded
[9_LOFT] Created 4916 labeled epochs.
data loaded
[10_CA] Created 358 labeled epochs.
data loaded
[10_DA] Created 358 labeled epochs.
data loaded
[10_SS] Created 359 labeled epochs.
data loaded
[10_LOFT] Created 4912 labeled epochs.
data loaded
[11_CA] Created 358 labeled epochs.
data loaded
[11_DA] Created 358 labeled epochs.
data loaded
[11_SS] Created 358 labeled epochs.
data loaded
[11_LOFT] Created 3684 labeled epochs.
data loaded
[12_CA] Created 358 labeled epochs.
data loaded
[12_DA] Created 358 labeled epochs.
data loaded
[12_SS] Created 358 labeled epochs.
data loaded
[12_LOFT] Created 3684 labeled epochs.
data loaded
[13_CA] Created 359 labeled epochs.
data loaded
[13_DA] Created 359 labeled epochs.
data loaded
[13_SS] Created 358 labeled epochs.
data loaded
[13_LOFT] Created 3743 labeled epochs.
data loaded
[14_CA] Created 358 labeled epochs.
data loaded
[14_DA] Created 358 labeled epochs.
data loaded
[14_SS] Created 358 labeled epochs.
data loaded
[14_LOFT] Created 3744 labeled epochs.
data loaded
[17_CA] Created 358 labeled epochs.
data loaded
[17_DA] Created 359 labeled epochs.
data loaded
[17_SS] Created 358 labeled epochs.
data loaded
[17_LOFT] Created 4262 labeled epochs.
data loaded
[18_CA] Created 358 labeled epochs.
data loaded
[18_DA] Created 358 labeled epochs.
data loaded
[18_SS] Created 358 labeled epochs.
data loaded
[18_LOFT] Created 4262 labeled epochs.
data loaded
[19_CA] Created 358 labeled epochs.
data loaded
[19_DA] Created 359 labeled epochs.
data loaded
[19_SS] Created 359 labeled epochs.
data loaded
[19_LOFT] Created 3697 labeled epochs.
data loaded
[21_CA] Created 358 labeled epochs.
data loaded
[21_DA] Created 358 labeled epochs.
data loaded
[21_SS] Created 358 labeled epochs.
data loaded
[21_LOFT] Created 3466 labeled epochs.
data loaded
[22_CA] Created 358 labeled epochs.
data loaded
[22_DA] Created 358 labeled epochs.
data loaded
[22_SS] Created 358 labeled epochs.
data loaded
[22_LOFT] Created 3467 labeled epochs.
data loaded
[23_CA] Created 358 labeled epochs.
data loaded
[23_DA] Created 358 labeled epochs.
data loaded
[23_SS] Created 353 labeled epochs.
data loaded
[23_LOFT] Created 3633 labeled epochs.
data loaded
[24_CA] Created 358 labeled epochs.
data loaded
[24_DA] Created 358 labeled epochs.
data loaded
[24_SS] Created 353 labeled epochs.
data loaded
[24_LOFT] Created 3633 labeled epochs.
data loaded
[25_CA] Created 359 labeled epochs.
data loaded
[25_DA] Created 358 labeled epochs.
data loaded
[25_SS] Created 358 labeled epochs.
data loaded
[25_LOFT] Created 3621 labeled epochs.
data loaded
[26_CA] Created 358 labeled epochs.
data loaded
[26_DA] Created 358 labeled epochs.
data loaded
[26_SS] Created 358 labeled epochs.
data loaded
[26_LOFT] Created 3621 labeled epochs.

==================================================
FINAL EPOCHING SUMMARY
==================================================
5_CA | Total: 358 | 0: 7, 1: 0, 2: 351, 5: 0
5_DA | Total: 358 | 0: 313, 1: 0, 2: 0, 5: 45
5_SS | Total: 153 | 0: 138, 1: 15, 2: 0, 5: 0
5_LOFT | Total: 4052 | 0: 3538, 1: 30, 2: 428, 5: 56
6_CA | Total: 359 | 0: 7, 1: 0, 2: 352, 5: 0
6_DA | Total: 358 | 0: 314, 1: 0, 2: 0, 5: 44
6_SS | Total: 153 | 0: 138, 1: 15, 2: 0, 5: 0
6_LOFT | Total: 4052 | 0: 3538, 1: 30, 2: 428, 5: 56
9_CA | Total: 358 | 0: 1, 1: 0, 2: 357, 5: 0
9_DA | Total: 359 | 0: 308, 1: 0, 2: 0, 5: 51
9_SS | Total: 358 | 0: 328, 1: 30, 2: 0, 5: 0
9_LOFT | Total: 4916 | 0: 4389, 1: 30, 2: 441, 5: 56
10_CA | Total: 358 | 0: 1, 1: 0, 2: 357, 5: 0
10_DA | Total: 358 | 0: 304, 1: 0, 2: 0, 5: 54
10_SS | Total: 359 | 0: 329, 1: 30, 2: 0, 5: 0
10_LOFT | Total: 4912 | 0: 4385, 1: 30, 2: 441, 5: 56
11_CA | Total: 358 | 0: 1, 1: 0, 2: 357, 5: 0
11_DA | Total: 358 | 0: 306, 1: 0, 2: 0, 5: 52
11_SS | Total: 358 | 0: 328, 1: 30, 2: 0, 5: 0
11_LOFT | Total: 3684 | 0: 3264, 1: 15, 2: 349, 5: 56
12_CA | Total: 358 | 0: 1, 1: 0, 2: 357, 5: 0
12_DA | Total: 358 | 0: 308, 1: 0, 2: 0, 5: 50
12_SS | Total: 358 | 0: 328, 1: 30, 2: 0, 5: 0
12_LOFT | Total: 3684 | 0: 3266, 1: 15, 2: 351, 5: 52
13_CA | Total: 359 | 0: 1, 1: 0, 2: 358, 5: 0
13_DA | Total: 359 | 0: 311, 1: 0, 2: 0, 5: 48
13_SS | Total: 358 | 0: 328, 1: 30, 2: 0, 5: 0
13_LOFT | Total: 3743 | 0: 3334, 1: 30, 2: 327, 5: 52
14_CA | Total: 358 | 0: 1, 1: 0, 2: 357, 5: 0
14_DA | Total: 358 | 0: 308, 1: 0, 2: 0, 5: 50
14_SS | Total: 358 | 0: 328, 1: 30, 2: 0, 5: 0
14_LOFT | Total: 3744 | 0: 3336, 1: 30, 2: 326, 5: 52
17_CA | Total: 358 | 0: 1, 1: 0, 2: 357, 5: 0
17_DA | Total: 359 | 0: 304, 1: 0, 2: 0, 5: 55
17_SS | Total: 358 | 0: 328, 1: 30, 2: 0, 5: 0
17_LOFT | Total: 4262 | 0: 3922, 1: 30, 2: 258, 5: 52
18_CA | Total: 358 | 0: 1, 1: 0, 2: 357, 5: 0
18_DA | Total: 358 | 0: 306, 1: 0, 2: 0, 5: 52
18_SS | Total: 358 | 0: 328, 1: 30, 2: 0, 5: 0
18_LOFT | Total: 4262 | 0: 3922, 1: 30, 2: 258, 5: 52
19_CA | Total: 358 | 0: 1, 1: 0, 2: 357, 5: 0
19_DA | Total: 359 | 0: 309, 1: 0, 2: 0, 5: 50
19_SS | Total: 359 | 0: 329, 1: 30, 2: 0, 5: 0
19_LOFT | Total: 3697 | 0: 3206, 1: 30, 2: 409, 5: 52
21_CA | Total: 358 | 0: 1, 1: 0, 2: 357, 5: 0
21_DA | Total: 358 | 0: 310, 1: 0, 2: 0, 5: 48
21_SS | Total: 358 | 0: 328, 1: 30, 2: 0, 5: 0
21_LOFT | Total: 3466 | 0: 2983, 1: 30, 2: 401, 5: 52
22_CA | Total: 358 | 0: 1, 1: 0, 2: 357, 5: 0
22_DA | Total: 358 | 0: 306, 1: 0, 2: 0, 5: 52
22_SS | Total: 358 | 0: 328, 1: 30, 2: 0, 5: 0
22_LOFT | Total: 3467 | 0: 2984, 1: 30, 2: 401, 5: 52
23_CA | Total: 358 | 0: 1, 1: 0, 2: 357, 5: 0
23_DA | Total: 358 | 0: 306, 1: 0, 2: 0, 5: 52
23_SS | Total: 353 | 0: 323, 1: 30, 2: 0, 5: 0
23_LOFT | Total: 3633 | 0: 3267, 1: 30, 2: 284, 5: 52
24_CA | Total: 358 | 0: 1, 1: 0, 2: 357, 5: 0
24_DA | Total: 358 | 0: 305, 1: 0, 2: 0, 5: 53
24_SS | Total: 353 | 0: 323, 1: 30, 2: 0, 5: 0
24_LOFT | Total: 3633 | 0: 3267, 1: 30, 2: 284, 5: 52
25_CA | Total: 359 | 0: 1, 1: 0, 2: 358, 5: 0
25_DA | Total: 358 | 0: 303, 1: 0, 2: 0, 5: 55
25_SS | Total: 358 | 0: 328, 1: 30, 2: 0, 5: 0
25_LOFT | Total: 3621 | 0: 3347, 1: 30, 2: 192, 5: 52
26_CA | Total: 358 | 0: 1, 1: 0, 2: 357, 5: 0
26_DA | Total: 358 | 0: 303, 1: 0, 2: 0, 5: 55
26_SS | Total: 358 | 0: 328, 1: 30, 2: 0, 5: 0
26_LOFT | Total: 3621 | 0: 3348, 1: 30, 2: 191, 5: 52
==================================================
