Processing 5_CA_clean.csv
Saved → data/feature_extracted/5/5_CA_features.csv | shape=(54, 85)
Processing 5_DA_clean.csv
Saved → data/feature_extracted/5/5_DA_features.csv | shape=(54, 85)
Processing 5_LOFT_clean.csv
Saved → data/feature_extracted/5/5_LOFT_features.csv | shape=(670, 85)
Processing 5_SS_clean.csv
Saved → data/feature_extracted/5/5_SS_features.csv | shape=(20, 85)
Processing 6_CA_clean.csv
Saved → data/feature_extracted/6/6_CA_features.csv | shape=(55, 85)
Processing 6_DA_clean.csv
Saved → data/feature_extracted/6/6_DA_features.csv | shape=(54, 85)
Processing 6_LOFT_clean.csv
Saved → data/feature_extracted/6/6_LOFT_features.csv | shape=(670, 85)
Processing 6_SS_clean.csv
Saved → data/feature_extracted/6/6_SS_features.csv | shape=(20, 85)
Processing 9_CA_clean.csv
Saved → data/feature_extracted/9/9_CA_features.csv | shape=(54, 85)
Processing 9_DA_clean.csv
Saved → data/feature_extracted/9/9_DA_features.csv | shape=(55, 85)
Processing 9_LOFT_clean.csv
Saved → data/feature_extracted/9/9_LOFT_features.csv | shape=(814, 85)
Processing 9_SS_clean.csv
Saved → data/feature_extracted/9/9_SS_features.csv | shape=(54, 85)
Processing 10_CA_clean.csv
Saved → data/feature_extracted/10/10_CA_features.csv | shape=(54, 85)
Processing 10_DA_clean.csv
Saved → data/feature_extracted/10/10_DA_features.csv | shape=(54, 82)
Processing 10_LOFT_clean.csv
Saved → data/feature_extracted/10/10_LOFT_features.csv | shape=(813, 85)
Processing 10_SS_clean.csv
Saved → data/feature_extracted/10/10_SS_features.csv | shape=(55, 85)
Processing 11_CA_clean.csv
Saved → data/feature_extracted/11/11_CA_features.csv | shape=(54, 85)
Processing 11_DA_clean.csv
Saved → data/feature_extracted/11/11_DA_features.csv | shape=(54, 85)
Processing 11_LOFT_clean.csv
Saved → data/feature_extracted/11/11_LOFT_features.csv | shape=(609, 82)
Processing 11_SS_clean.csv
Saved → data/feature_extracted/11/11_SS_features.csv | shape=(54, 85)
Processing 12_CA_clean.csv
Saved → data/feature_extracted/12/12_CA_features.csv | shape=(54, 85)
Processing 12_DA_clean.csv
Saved → data/feature_extracted/12/12_DA_features.csv | shape=(54, 85)
Processing 12_LOFT_clean.csv
Saved → data/feature_extracted/12/12_LOFT_features.csv | shape=(609, 85)
Processing 12_SS_clean.csv
Saved → data/feature_extracted/12/12_SS_features.csv | shape=(54, 85)
Processing 13_CA_clean.csv
Saved → data/feature_extracted/13/13_CA_features.csv | shape=(55, 85)
Processing 13_DA_clean.csv
Saved → data/feature_extracted/13/13_DA_features.csv | shape=(55, 85)
Processing 13_LOFT_clean.csv
Saved → data/feature_extracted/13/13_LOFT_features.csv | shape=(619, 85)
Processing 13_SS_clean.csv
Saved → data/feature_extracted/13/13_SS_features.csv | shape=(54, 85)
Processing 14_CA_clean.csv
Saved → data/feature_extracted/14/14_CA_features.csv | shape=(54, 85)
Processing 14_DA_clean.csv
Saved → data/feature_extracted/14/14_DA_features.csv | shape=(54, 85)
Processing 14_LOFT_clean.csv
Saved → data/feature_extracted/14/14_LOFT_features.csv | shape=(619, 85)
Processing 14_SS_clean.csv
Saved → data/feature_extracted/14/14_SS_features.csv | shape=(54, 85)
Processing 17_CA_clean.csv
Saved → data/feature_extracted/17/17_CA_features.csv | shape=(54, 85)
Processing 17_DA_clean.csv
Saved → data/feature_extracted/17/17_DA_features.csv | shape=(55, 85)
Processing 17_LOFT_clean.csv
Saved → data/feature_extracted/17/17_LOFT_features.csv | shape=(705, 85)
Processing 17_SS_clean.csv
Saved → data/feature_extracted/17/17_SS_features.csv | shape=(54, 85)
Processing 18_CA_clean.csv
Saved → data/feature_extracted/18/18_CA_features.csv | shape=(54, 85)
Processing 18_DA_clean.csv
Saved → data/feature_extracted/18/18_DA_features.csv | shape=(54, 82)
Processing 18_LOFT_clean.csv
Saved → data/feature_extracted/18/18_LOFT_features.csv | shape=(705, 85)
Processing 18_SS_clean.csv
Saved → data/feature_extracted/18/18_SS_features.csv | shape=(54, 85)
Processing 19_CA_clean.csv
Saved → data/feature_extracted/19/19_CA_features.csv | shape=(54, 85)
Processing 19_DA_clean.csv
Saved → data/feature_extracted/19/19_DA_features.csv | shape=(55, 85)
Processing 19_LOFT_clean.csv
Saved → data/feature_extracted/19/19_LOFT_features.csv | shape=(611, 85)
Processing 19_SS_clean.csv
Saved → data/feature_extracted/19/19_SS_features.csv | shape=(55, 85)
Processing 21_CA_clean.csv
Saved → data/feature_extracted/21/21_CA_features.csv | shape=(54, 82)
Processing 21_DA_clean.csv
Saved → data/feature_extracted/21/21_DA_features.csv | shape=(54, 82)
Processing 21_LOFT_clean.csv
Saved → data/feature_extracted/21/21_LOFT_features.csv | shape=(572, 82)
Processing 21_SS_clean.csv
Saved → data/feature_extracted/21/21_SS_features.csv | shape=(55, 85)
Processing 22_CA_clean.csv
Saved → data/feature_extracted/22/22_CA_features.csv | shape=(54, 85)
Processing 22_DA_clean.csv
Saved → data/feature_extracted/22/22_DA_features.csv | shape=(54, 85)
Processing 22_LOFT_clean.csv
Saved → data/feature_extracted/22/22_LOFT_features.csv | shape=(573, 85)
Processing 22_SS_clean.csv
Saved → data/feature_extracted/22/22_SS_features.csv | shape=(54, 85)
Processing 23_CA_clean.csv
Saved → data/feature_extracted/23/23_CA_features.csv | shape=(54, 85)
Processing 23_DA_clean.csv
Saved → data/feature_extracted/23/23_DA_features.csv | shape=(54, 85)
Processing 23_LOFT_clean.csv
Saved → data/feature_extracted/23/23_LOFT_features.csv | shape=(600, 85)
Processing 23_SS_clean.csv
Saved → data/feature_extracted/23/23_SS_features.csv | shape=(54, 85)
Processing 24_CA_clean.csv
Saved → data/feature_extracted/24/24_CA_features.csv | shape=(54, 85)
Processing 24_DA_clean.csv
Saved → data/feature_extracted/24/24_DA_features.csv | shape=(54, 85)
Processing 24_LOFT_clean.csv
Saved → data/feature_extracted/24/24_LOFT_features.csv | shape=(600, 85)
Processing 24_SS_clean.csv
Saved → data/feature_extracted/24/24_SS_features.csv | shape=(54, 85)
Processing 25_CA_clean.csv
Saved → data/feature_extracted/25/25_CA_features.csv | shape=(55, 85)
Processing 25_DA_clean.csv
Saved → data/feature_extracted/25/25_DA_features.csv | shape=(54, 85)
Processing 25_LOFT_clean.csv
Saved → data/feature_extracted/25/25_LOFT_features.csv | shape=(598, 85)
Processing 25_SS_clean.csv
Saved → data/feature_extracted/25/25_SS_features.csv | shape=(54, 85)
Processing 26_CA_clean.csv
Saved → data/feature_extracted/26/26_CA_features.csv | shape=(54, 85)
Processing 26_DA_clean.csv
Saved → data/feature_extracted/26/26_DA_features.csv | shape=(54, 85)
Processing 26_LOFT_clean.csv
Saved → data/feature_extracted/26/26_LOFT_features.csv | shape=(598, 85)
Processing 26_SS_clean.csv
Saved → data/feature_extracted/26/26_SS_features.csv | shape=(54, 85)
appended: pilot 5 and run CA
appended: pilot 5 and run DA
appended: pilot 5 and run SS
appended: pilot 5 and run LOFT
appended: pilot 6 and run CA
appended: pilot 6 and run DA
appended: pilot 6 and run SS
appended: pilot 6 and run LOFT
appended: pilot 9 and run CA
appended: pilot 9 and run DA
appended: pilot 9 and run SS
appended: pilot 9 and run LOFT
appended: pilot 10 and run CA
appended: pilot 10 and run DA
appended: pilot 10 and run SS
appended: pilot 10 and run LOFT
appended: pilot 11 and run CA
appended: pilot 11 and run DA
appended: pilot 11 and run SS
appended: pilot 11 and run LOFT
appended: pilot 12 and run CA
appended: pilot 12 and run DA
appended: pilot 12 and run SS
appended: pilot 12 and run LOFT
appended: pilot 13 and run CA
appended: pilot 13 and run DA
appended: pilot 13 and run SS
appended: pilot 13 and run LOFT
appended: pilot 14 and run CA
appended: pilot 14 and run DA
appended: pilot 14 and run SS
appended: pilot 14 and run LOFT
appended: pilot 17 and run CA
appended: pilot 17 and run DA
appended: pilot 17 and run SS
appended: pilot 17 and run LOFT
appended: pilot 18 and run CA
appended: pilot 18 and run DA
appended: pilot 18 and run SS
appended: pilot 18 and run LOFT
appended: pilot 19 and run CA
appended: pilot 19 and run DA
appended: pilot 19 and run SS
appended: pilot 19 and run LOFT
appended: pilot 21 and run CA
appended: pilot 21 and run DA
appended: pilot 21 and run SS
appended: pilot 21 and run LOFT
appended: pilot 22 and run CA
appended: pilot 22 and run DA
appended: pilot 22 and run SS
appended: pilot 22 and run LOFT
appended: pilot 23 and run CA
appended: pilot 23 and run DA
appended: pilot 23 and run SS
appended: pilot 23 and run LOFT
appended: pilot 24 and run CA
appended: pilot 24 and run DA
appended: pilot 24 and run SS
appended: pilot 24 and run LOFT
appended: pilot 25 and run CA
appended: pilot 25 and run DA
appended: pilot 25 and run SS
appended: pilot 25 and run LOFT
appended: pilot 26 and run CA
appended: pilot 26 and run DA
appended: pilot 26 and run SS
appended: pilot 26 and run LOFT
-------Master df created-------
-------Performing model fitting + cross validation-------
Average Accuracy: 0.7167
Standard Deviation: 0.0474
[0.68922306 0.56195244 0.72569089 0.77663934 0.71984436 0.70946822
 0.73690932 0.77464789 0.70046083 0.74394464 0.74580645 0.70068027
 0.6952381  0.75590551 0.68372703 0.74507227 0.71842105]
All done!
